2022-02-16 08:39:11,789 INFO [restartedMain] c.g.a.AlumniApplication [StartupInfoLogger.java:50] Starting AlumniApplication on DESKTOP-MS39Q40 with PID 480 (D:\Code\IdeaProjects\alumni\target\classes started by Administrator in D:\Code\IdeaProjects\alumni)
2022-02-16 08:39:11,802 INFO [restartedMain] c.g.a.AlumniApplication [SpringApplication.java:646] No active profile set, falling back to default profiles: default
2022-02-16 08:39:11,883 INFO [restartedMain] o.s.b.d.e.DevToolsPropertyDefaultsPostProcessor [DeferredLog.java:225] Devtools property defaults active! Set 'spring.devtools.add-properties' to 'false' to disable
2022-02-16 08:39:11,883 INFO [restartedMain] o.s.b.d.e.DevToolsPropertyDefaultsPostProcessor [DeferredLog.java:225] For additional web related logging consider setting the 'logging.level.web' property to 'DEBUG'
2022-02-16 08:39:13,675 INFO [restartedMain] o.s.d.r.c.RepositoryConfigurationDelegate [RepositoryConfigurationDelegate.java:244] Multiple Spring Data modules found, entering strict repository configuration mode!
2022-02-16 08:39:13,677 INFO [restartedMain] o.s.d.r.c.RepositoryConfigurationDelegate [RepositoryConfigurationDelegate.java:126] Bootstrapping Spring Data repositories in DEFAULT mode.
2022-02-16 08:39:13,702 INFO [restartedMain] o.s.d.r.c.RepositoryConfigurationDelegate [RepositoryConfigurationDelegate.java:182] Finished Spring Data repository scanning in 12ms. Found 0 repository interfaces.
2022-02-16 08:39:14,015 INFO [restartedMain] o.s.c.s.PostProcessorRegistrationDelegate$BeanPostProcessorChecker [PostProcessorRegistrationDelegate.java:330] Bean 'org.springframework.transaction.annotation.ProxyTransactionManagementConfiguration' of type [org.springframework.transaction.annotation.ProxyTransactionManagementConfiguration$$EnhancerBySpringCGLIB$$6ca79586] is not eligible for getting processed by all BeanPostProcessors (for example: not eligible for auto-proxying)
2022-02-16 08:39:14,283 INFO [restartedMain] o.s.b.w.e.t.TomcatWebServer [TomcatWebServer.java:90] Tomcat initialized with port(s): 8080 (http)
2022-02-16 08:39:14,294 INFO [restartedMain] o.a.c.h.Http11NioProtocol [DirectJDKLog.java:173] Initializing ProtocolHandler ["http-nio-8080"]
2022-02-16 08:39:14,300 INFO [restartedMain] o.a.c.c.StandardService [DirectJDKLog.java:173] Starting service [Tomcat]
2022-02-16 08:39:14,301 INFO [restartedMain] o.a.c.c.StandardEngine [DirectJDKLog.java:173] Starting Servlet engine: [Apache Tomcat/9.0.21]
2022-02-16 08:39:14,383 INFO [restartedMain] o.a.c.c.C.[.[.[/alumni] [DirectJDKLog.java:173] Initializing Spring embedded WebApplicationContext
2022-02-16 08:39:14,384 INFO [restartedMain] o.s.w.c.ContextLoader [ServletWebServerApplicationContext.java:283] Root WebApplicationContext: initialization completed in 2486 ms
2022-02-16 08:39:15,330 INFO [restartedMain] o.s.b.a.s.s.UserDetailsServiceAutoConfiguration [UserDetailsServiceAutoConfiguration.java:82] 

Using generated security password: 4aeceef1-ef7b-4852-a6eb-485457abaa2f

2022-02-16 08:39:15,392 INFO [restartedMain] o.s.s.w.DefaultSecurityFilterChain [DefaultSecurityFilterChain.java:43] Creating filter chain: Ant [pattern='/resources/**'], []
2022-02-16 08:39:15,428 INFO [restartedMain] o.s.s.w.DefaultSecurityFilterChain [DefaultSecurityFilterChain.java:43] Creating filter chain: any request, [org.springframework.security.web.context.request.async.WebAsyncManagerIntegrationFilter@578b35a5, org.springframework.security.web.context.SecurityContextPersistenceFilter@2579cd28, org.springframework.security.web.header.HeaderWriterFilter@2e49c597, org.springframework.security.web.authentication.logout.LogoutFilter@71dc7030, org.springframework.security.web.savedrequest.RequestCacheAwareFilter@e0be7b0, org.springframework.security.web.servletapi.SecurityContextHolderAwareRequestFilter@7709c8d4, org.springframework.security.web.authentication.AnonymousAuthenticationFilter@586923de, org.springframework.security.web.session.SessionManagementFilter@3b0e2fb2, org.springframework.security.web.access.ExceptionTranslationFilter@3de01f6, org.springframework.security.web.access.intercept.FilterSecurityInterceptor@5da4d181]
2022-02-16 08:39:15,537 INFO [restartedMain] o.s.s.c.ThreadPoolTaskExecutor [ExecutorConfigurationSupport.java:171] Initializing ExecutorService 'applicationTaskExecutor'
2022-02-16 08:39:15,615 INFO [restartedMain] o.s.b.a.w.s.WelcomePageHandlerMapping [WelcomePageHandlerMapping.java:58] Adding welcome page template: index
2022-02-16 08:39:15,945 INFO [restartedMain] o.s.b.d.a.OptionalLiveReloadServer [OptionalLiveReloadServer.java:57] LiveReload server is running on port 35729
2022-02-16 08:39:15,967 INFO [restartedMain] o.a.c.h.Http11NioProtocol [DirectJDKLog.java:173] Starting ProtocolHandler ["http-nio-8080"]
2022-02-16 08:39:15,987 INFO [restartedMain] o.s.b.w.e.t.TomcatWebServer [TomcatWebServer.java:202] Tomcat started on port(s): 8080 (http) with context path '/alumni'
2022-02-16 08:39:15,990 INFO [restartedMain] c.g.a.AlumniApplication [StartupInfoLogger.java:59] Started AlumniApplication in 4.66 seconds (JVM running for 5.643)
2022-02-16 08:39:30,174 INFO [http-nio-8080-exec-1] o.a.c.c.C.[.[.[/alumni] [DirectJDKLog.java:173] Initializing Spring DispatcherServlet 'dispatcherServlet'
2022-02-16 08:39:30,174 INFO [http-nio-8080-exec-1] o.s.w.s.DispatcherServlet [FrameworkServlet.java:524] Initializing Servlet 'dispatcherServlet'
2022-02-16 08:39:30,179 INFO [http-nio-8080-exec-1] o.s.w.s.DispatcherServlet [FrameworkServlet.java:546] Completed initialization in 5 ms
2022-02-16 08:39:36,761 INFO [http-nio-8080-exec-8] i.l.c.EpollProvider [EpollProvider.java:68] Starting without optional epoll library
2022-02-16 08:39:36,762 INFO [http-nio-8080-exec-8] i.l.c.KqueueProvider [KqueueProvider.java:70] Starting without optional kqueue library
2022-02-16 08:39:59,304 INFO [http-nio-8080-exec-7] c.z.h.HikariDataSource [HikariDataSource.java:110] HikariPool-1 - Starting...
2022-02-16 08:41:01,395 INFO [restartedMain] c.g.a.AlumniApplication [StartupInfoLogger.java:50] Starting AlumniApplication on DESKTOP-MS39Q40 with PID 13952 (D:\Code\IdeaProjects\alumni\target\classes started by Administrator in D:\Code\IdeaProjects\alumni)
2022-02-16 08:41:01,398 INFO [restartedMain] c.g.a.AlumniApplication [SpringApplication.java:646] No active profile set, falling back to default profiles: default
2022-02-16 08:41:01,429 INFO [restartedMain] o.s.b.d.e.DevToolsPropertyDefaultsPostProcessor [DeferredLog.java:225] Devtools property defaults active! Set 'spring.devtools.add-properties' to 'false' to disable
2022-02-16 08:41:01,429 INFO [restartedMain] o.s.b.d.e.DevToolsPropertyDefaultsPostProcessor [DeferredLog.java:225] For additional web related logging consider setting the 'logging.level.web' property to 'DEBUG'
2022-02-16 08:41:01,935 INFO [restartedMain] o.s.d.r.c.RepositoryConfigurationDelegate [RepositoryConfigurationDelegate.java:244] Multiple Spring Data modules found, entering strict repository configuration mode!
2022-02-16 08:41:01,937 INFO [restartedMain] o.s.d.r.c.RepositoryConfigurationDelegate [RepositoryConfigurationDelegate.java:126] Bootstrapping Spring Data repositories in DEFAULT mode.
2022-02-16 08:41:01,956 INFO [restartedMain] o.s.d.r.c.RepositoryConfigurationDelegate [RepositoryConfigurationDelegate.java:182] Finished Spring Data repository scanning in 11ms. Found 0 repository interfaces.
2022-02-16 08:41:02,187 INFO [restartedMain] o.s.c.s.PostProcessorRegistrationDelegate$BeanPostProcessorChecker [PostProcessorRegistrationDelegate.java:330] Bean 'org.springframework.transaction.annotation.ProxyTransactionManagementConfiguration' of type [org.springframework.transaction.annotation.ProxyTransactionManagementConfiguration$$EnhancerBySpringCGLIB$$c6ec48a4] is not eligible for getting processed by all BeanPostProcessors (for example: not eligible for auto-proxying)
2022-02-16 08:41:02,393 INFO [restartedMain] o.s.b.w.e.t.TomcatWebServer [TomcatWebServer.java:90] Tomcat initialized with port(s): 8080 (http)
2022-02-16 08:41:02,403 INFO [restartedMain] o.a.c.h.Http11NioProtocol [DirectJDKLog.java:173] Initializing ProtocolHandler ["http-nio-8080"]
2022-02-16 08:41:02,408 INFO [restartedMain] o.a.c.c.StandardService [DirectJDKLog.java:173] Starting service [Tomcat]
2022-02-16 08:41:02,408 INFO [restartedMain] o.a.c.c.StandardEngine [DirectJDKLog.java:173] Starting Servlet engine: [Apache Tomcat/9.0.21]
2022-02-16 08:41:02,483 INFO [restartedMain] o.a.c.c.C.[.[.[/alumni] [DirectJDKLog.java:173] Initializing Spring embedded WebApplicationContext
2022-02-16 08:41:02,483 INFO [restartedMain] o.s.w.c.ContextLoader [ServletWebServerApplicationContext.java:283] Root WebApplicationContext: initialization completed in 1054 ms
2022-02-16 08:41:03,020 INFO [restartedMain] o.s.b.a.s.s.UserDetailsServiceAutoConfiguration [UserDetailsServiceAutoConfiguration.java:82] 

Using generated security password: 4bb48333-0393-4eb9-9bca-0c3a6c6830aa

2022-02-16 08:41:03,052 INFO [restartedMain] o.s.s.w.DefaultSecurityFilterChain [DefaultSecurityFilterChain.java:43] Creating filter chain: Ant [pattern='/resources/**'], []
2022-02-16 08:41:03,071 INFO [restartedMain] o.s.s.w.DefaultSecurityFilterChain [DefaultSecurityFilterChain.java:43] Creating filter chain: any request, [org.springframework.security.web.context.request.async.WebAsyncManagerIntegrationFilter@33165bad, org.springframework.security.web.context.SecurityContextPersistenceFilter@68bc9a65, org.springframework.security.web.header.HeaderWriterFilter@64639bbd, org.springframework.security.web.authentication.logout.LogoutFilter@66984656, org.springframework.security.web.savedrequest.RequestCacheAwareFilter@543b1614, org.springframework.security.web.servletapi.SecurityContextHolderAwareRequestFilter@685e1c16, org.springframework.security.web.authentication.AnonymousAuthenticationFilter@47097970, org.springframework.security.web.session.SessionManagementFilter@61966644, org.springframework.security.web.access.ExceptionTranslationFilter@2a483303, org.springframework.security.web.access.intercept.FilterSecurityInterceptor@5ad7f161]
2022-02-16 08:41:03,161 INFO [restartedMain] o.s.s.c.ThreadPoolTaskExecutor [ExecutorConfigurationSupport.java:171] Initializing ExecutorService 'applicationTaskExecutor'
2022-02-16 08:41:03,230 INFO [restartedMain] o.s.b.a.w.s.WelcomePageHandlerMapping [WelcomePageHandlerMapping.java:58] Adding welcome page template: index
2022-02-16 08:41:03,406 INFO [restartedMain] o.s.b.d.a.OptionalLiveReloadServer [OptionalLiveReloadServer.java:57] LiveReload server is running on port 35729
2022-02-16 08:41:03,426 INFO [restartedMain] o.a.c.h.Http11NioProtocol [DirectJDKLog.java:173] Starting ProtocolHandler ["http-nio-8080"]
2022-02-16 08:41:03,444 INFO [restartedMain] o.s.b.w.e.t.TomcatWebServer [TomcatWebServer.java:202] Tomcat started on port(s): 8080 (http) with context path '/alumni'
2022-02-16 08:41:03,446 INFO [restartedMain] c.g.a.AlumniApplication [StartupInfoLogger.java:59] Started AlumniApplication in 2.347 seconds (JVM running for 3.219)
2022-02-16 08:41:07,466 INFO [http-nio-8080-exec-1] o.a.c.c.C.[.[.[/alumni] [DirectJDKLog.java:173] Initializing Spring DispatcherServlet 'dispatcherServlet'
2022-02-16 08:41:07,466 INFO [http-nio-8080-exec-1] o.s.w.s.DispatcherServlet [FrameworkServlet.java:524] Initializing Servlet 'dispatcherServlet'
2022-02-16 08:41:07,472 INFO [http-nio-8080-exec-1] o.s.w.s.DispatcherServlet [FrameworkServlet.java:546] Completed initialization in 6 ms
2022-02-16 08:41:26,745 INFO [http-nio-8080-exec-4] i.l.c.EpollProvider [EpollProvider.java:68] Starting without optional epoll library
2022-02-16 08:41:26,747 INFO [http-nio-8080-exec-4] i.l.c.KqueueProvider [KqueueProvider.java:70] Starting without optional kqueue library
2022-02-16 08:41:38,344 INFO [http-nio-8080-exec-6] c.z.h.HikariDataSource [HikariDataSource.java:110] HikariPool-1 - Starting...
2022-02-16 08:41:38,843 INFO [http-nio-8080-exec-6] c.z.h.HikariDataSource [HikariDataSource.java:123] HikariPool-1 - Start completed.
2022-02-16 10:04:25,892 INFO [restartedMain] c.g.a.AlumniApplication [StartupInfoLogger.java:50] Starting AlumniApplication on DESKTOP-MS39Q40 with PID 9708 (D:\Code\IdeaProjects\alumni\target\classes started by Administrator in D:\Code\IdeaProjects\alumni)
2022-02-16 10:04:25,999 INFO [restartedMain] c.g.a.AlumniApplication [SpringApplication.java:646] No active profile set, falling back to default profiles: default
2022-02-16 10:04:26,028 INFO [restartedMain] o.s.b.d.e.DevToolsPropertyDefaultsPostProcessor [DeferredLog.java:225] Devtools property defaults active! Set 'spring.devtools.add-properties' to 'false' to disable
2022-02-16 10:04:26,029 INFO [restartedMain] o.s.b.d.e.DevToolsPropertyDefaultsPostProcessor [DeferredLog.java:225] For additional web related logging consider setting the 'logging.level.web' property to 'DEBUG'
2022-02-16 10:04:26,551 INFO [restartedMain] o.s.d.r.c.RepositoryConfigurationDelegate [RepositoryConfigurationDelegate.java:244] Multiple Spring Data modules found, entering strict repository configuration mode!
2022-02-16 10:04:26,553 INFO [restartedMain] o.s.d.r.c.RepositoryConfigurationDelegate [RepositoryConfigurationDelegate.java:126] Bootstrapping Spring Data repositories in DEFAULT mode.
2022-02-16 10:04:26,573 INFO [restartedMain] o.s.d.r.c.RepositoryConfigurationDelegate [RepositoryConfigurationDelegate.java:182] Finished Spring Data repository scanning in 10ms. Found 0 repository interfaces.
2022-02-16 10:04:26,813 INFO [restartedMain] o.s.c.s.PostProcessorRegistrationDelegate$BeanPostProcessorChecker [PostProcessorRegistrationDelegate.java:330] Bean 'org.springframework.transaction.annotation.ProxyTransactionManagementConfiguration' of type [org.springframework.transaction.annotation.ProxyTransactionManagementConfiguration$$EnhancerBySpringCGLIB$$122ed194] is not eligible for getting processed by all BeanPostProcessors (for example: not eligible for auto-proxying)
2022-02-16 10:04:27,023 INFO [restartedMain] o.s.b.w.e.t.TomcatWebServer [TomcatWebServer.java:90] Tomcat initialized with port(s): 8080 (http)
2022-02-16 10:04:27,032 INFO [restartedMain] o.a.c.h.Http11NioProtocol [DirectJDKLog.java:173] Initializing ProtocolHandler ["http-nio-8080"]
2022-02-16 10:04:27,039 INFO [restartedMain] o.a.c.c.StandardService [DirectJDKLog.java:173] Starting service [Tomcat]
2022-02-16 10:04:27,039 INFO [restartedMain] o.a.c.c.StandardEngine [DirectJDKLog.java:173] Starting Servlet engine: [Apache Tomcat/9.0.21]
2022-02-16 10:04:27,111 INFO [restartedMain] o.a.c.c.C.[.[.[/alumni] [DirectJDKLog.java:173] Initializing Spring embedded WebApplicationContext
2022-02-16 10:04:27,112 INFO [restartedMain] o.s.w.c.ContextLoader [ServletWebServerApplicationContext.java:283] Root WebApplicationContext: initialization completed in 1083 ms
2022-02-16 10:04:27,666 INFO [restartedMain] o.s.b.a.s.s.UserDetailsServiceAutoConfiguration [UserDetailsServiceAutoConfiguration.java:82] 

Using generated security password: c3aa3bf7-4df4-4860-a39f-212f15d75696

2022-02-16 10:04:27,703 INFO [restartedMain] o.s.s.w.DefaultSecurityFilterChain [DefaultSecurityFilterChain.java:43] Creating filter chain: Ant [pattern='/resources/**'], []
2022-02-16 10:04:27,727 INFO [restartedMain] o.s.s.w.DefaultSecurityFilterChain [DefaultSecurityFilterChain.java:43] Creating filter chain: any request, [org.springframework.security.web.context.request.async.WebAsyncManagerIntegrationFilter@47f34bc1, org.springframework.security.web.context.SecurityContextPersistenceFilter@680d0e20, org.springframework.security.web.header.HeaderWriterFilter@25dbced, org.springframework.security.web.authentication.logout.LogoutFilter@5e4ee5fd, org.springframework.security.web.savedrequest.RequestCacheAwareFilter@31cd0e55, org.springframework.security.web.servletapi.SecurityContextHolderAwareRequestFilter@1871159a, org.springframework.security.web.authentication.AnonymousAuthenticationFilter@1bc503ce, org.springframework.security.web.session.SessionManagementFilter@29f121a6, org.springframework.security.web.access.ExceptionTranslationFilter@4b34aa3d, org.springframework.security.web.access.intercept.FilterSecurityInterceptor@4b8cbdea]
2022-02-16 10:04:27,830 INFO [restartedMain] o.s.s.c.ThreadPoolTaskExecutor [ExecutorConfigurationSupport.java:171] Initializing ExecutorService 'applicationTaskExecutor'
2022-02-16 10:04:27,903 INFO [restartedMain] o.s.b.a.w.s.WelcomePageHandlerMapping [WelcomePageHandlerMapping.java:58] Adding welcome page template: index
2022-02-16 10:04:28,077 INFO [restartedMain] o.s.b.d.a.OptionalLiveReloadServer [OptionalLiveReloadServer.java:57] LiveReload server is running on port 35729
2022-02-16 10:04:28,098 INFO [restartedMain] o.a.c.h.Http11NioProtocol [DirectJDKLog.java:173] Starting ProtocolHandler ["http-nio-8080"]
2022-02-16 10:04:28,117 INFO [restartedMain] o.s.b.w.e.t.TomcatWebServer [TomcatWebServer.java:202] Tomcat started on port(s): 8080 (http) with context path '/alumni'
2022-02-16 10:04:28,120 INFO [restartedMain] c.g.a.AlumniApplication [StartupInfoLogger.java:59] Started AlumniApplication in 2.552 seconds (JVM running for 3.202)
2022-02-16 10:04:42,382 INFO [restartedMain] c.g.a.AlumniApplication [StartupInfoLogger.java:50] Starting AlumniApplication on DESKTOP-MS39Q40 with PID 1576 (D:\Code\IdeaProjects\alumni\target\classes started by Administrator in D:\Code\IdeaProjects\alumni)
2022-02-16 10:04:42,384 INFO [restartedMain] c.g.a.AlumniApplication [SpringApplication.java:646] No active profile set, falling back to default profiles: default
2022-02-16 10:04:42,413 INFO [restartedMain] o.s.b.d.e.DevToolsPropertyDefaultsPostProcessor [DeferredLog.java:225] Devtools property defaults active! Set 'spring.devtools.add-properties' to 'false' to disable
2022-02-16 10:04:42,413 INFO [restartedMain] o.s.b.d.e.DevToolsPropertyDefaultsPostProcessor [DeferredLog.java:225] For additional web related logging consider setting the 'logging.level.web' property to 'DEBUG'
2022-02-16 10:04:42,982 INFO [restartedMain] o.s.d.r.c.RepositoryConfigurationDelegate [RepositoryConfigurationDelegate.java:244] Multiple Spring Data modules found, entering strict repository configuration mode!
2022-02-16 10:04:42,984 INFO [restartedMain] o.s.d.r.c.RepositoryConfigurationDelegate [RepositoryConfigurationDelegate.java:126] Bootstrapping Spring Data repositories in DEFAULT mode.
2022-02-16 10:04:43,006 INFO [restartedMain] o.s.d.r.c.RepositoryConfigurationDelegate [RepositoryConfigurationDelegate.java:182] Finished Spring Data repository scanning in 11ms. Found 0 repository interfaces.
2022-02-16 10:04:43,261 INFO [restartedMain] o.s.c.s.PostProcessorRegistrationDelegate$BeanPostProcessorChecker [PostProcessorRegistrationDelegate.java:330] Bean 'org.springframework.transaction.annotation.ProxyTransactionManagementConfiguration' of type [org.springframework.transaction.annotation.ProxyTransactionManagementConfiguration$$EnhancerBySpringCGLIB$$3fc92871] is not eligible for getting processed by all BeanPostProcessors (for example: not eligible for auto-proxying)
2022-02-16 10:04:43,477 INFO [restartedMain] o.s.b.w.e.t.TomcatWebServer [TomcatWebServer.java:90] Tomcat initialized with port(s): 8080 (http)
2022-02-16 10:04:43,487 INFO [restartedMain] o.a.c.h.Http11NioProtocol [DirectJDKLog.java:173] Initializing ProtocolHandler ["http-nio-8080"]
2022-02-16 10:04:43,493 INFO [restartedMain] o.a.c.c.StandardService [DirectJDKLog.java:173] Starting service [Tomcat]
2022-02-16 10:04:43,493 INFO [restartedMain] o.a.c.c.StandardEngine [DirectJDKLog.java:173] Starting Servlet engine: [Apache Tomcat/9.0.21]
2022-02-16 10:04:43,570 INFO [restartedMain] o.a.c.c.C.[.[.[/alumni] [DirectJDKLog.java:173] Initializing Spring embedded WebApplicationContext
2022-02-16 10:04:43,570 INFO [restartedMain] o.s.w.c.ContextLoader [ServletWebServerApplicationContext.java:283] Root WebApplicationContext: initialization completed in 1157 ms
2022-02-16 10:04:44,118 INFO [restartedMain] o.s.b.a.s.s.UserDetailsServiceAutoConfiguration [UserDetailsServiceAutoConfiguration.java:82] 

Using generated security password: e946a4d4-5d28-49a4-9dc6-bfd5ecf2c662

2022-02-16 10:04:44,150 INFO [restartedMain] o.s.s.w.DefaultSecurityFilterChain [DefaultSecurityFilterChain.java:43] Creating filter chain: Ant [pattern='/resources/**'], []
2022-02-16 10:04:44,170 INFO [restartedMain] o.s.s.w.DefaultSecurityFilterChain [DefaultSecurityFilterChain.java:43] Creating filter chain: any request, [org.springframework.security.web.context.request.async.WebAsyncManagerIntegrationFilter@77577e95, org.springframework.security.web.context.SecurityContextPersistenceFilter@22c06b32, org.springframework.security.web.header.HeaderWriterFilter@62e73aa5, org.springframework.security.web.authentication.logout.LogoutFilter@438c2cfc, org.springframework.security.web.savedrequest.RequestCacheAwareFilter@4102e6b7, org.springframework.security.web.servletapi.SecurityContextHolderAwareRequestFilter@5837ee4b, org.springframework.security.web.authentication.AnonymousAuthenticationFilter@250cbf97, org.springframework.security.web.session.SessionManagementFilter@55648681, org.springframework.security.web.access.ExceptionTranslationFilter@1fd448ee, org.springframework.security.web.access.intercept.FilterSecurityInterceptor@334d6295]
2022-02-16 10:04:44,268 INFO [restartedMain] o.s.s.c.ThreadPoolTaskExecutor [ExecutorConfigurationSupport.java:171] Initializing ExecutorService 'applicationTaskExecutor'
2022-02-16 10:04:44,348 INFO [restartedMain] o.s.b.a.w.s.WelcomePageHandlerMapping [WelcomePageHandlerMapping.java:58] Adding welcome page template: index
2022-02-16 10:04:44,568 INFO [restartedMain] o.s.b.d.a.OptionalLiveReloadServer [OptionalLiveReloadServer.java:57] LiveReload server is running on port 35729
2022-02-16 10:04:44,590 INFO [restartedMain] o.a.c.h.Http11NioProtocol [DirectJDKLog.java:173] Starting ProtocolHandler ["http-nio-8080"]
2022-02-16 10:04:44,609 INFO [restartedMain] o.s.b.w.e.t.TomcatWebServer [TomcatWebServer.java:202] Tomcat started on port(s): 8080 (http) with context path '/alumni'
2022-02-16 10:04:44,611 INFO [restartedMain] c.g.a.AlumniApplication [StartupInfoLogger.java:59] Started AlumniApplication in 2.52 seconds (JVM running for 3.194)
2022-02-16 10:04:53,089 INFO [http-nio-8080-exec-1] o.a.c.c.C.[.[.[/alumni] [DirectJDKLog.java:173] Initializing Spring DispatcherServlet 'dispatcherServlet'
2022-02-16 10:04:53,089 INFO [http-nio-8080-exec-1] o.s.w.s.DispatcherServlet [FrameworkServlet.java:524] Initializing Servlet 'dispatcherServlet'
2022-02-16 10:04:53,093 INFO [http-nio-8080-exec-1] o.s.w.s.DispatcherServlet [FrameworkServlet.java:546] Completed initialization in 4 ms
2022-02-16 10:04:53,175 INFO [http-nio-8080-exec-1] i.l.c.EpollProvider [EpollProvider.java:68] Starting without optional epoll library
2022-02-16 10:04:53,176 INFO [http-nio-8080-exec-1] i.l.c.KqueueProvider [KqueueProvider.java:70] Starting without optional kqueue library
2022-02-16 10:04:53,751 INFO [http-nio-8080-exec-1] c.z.h.HikariDataSource [HikariDataSource.java:110] HikariPool-1 - Starting...
2022-02-16 10:04:54,124 INFO [http-nio-8080-exec-1] c.z.h.HikariDataSource [HikariDataSource.java:123] HikariPool-1 - Start completed.
2022-02-16 10:05:36,666 INFO [restartedMain] c.g.a.AlumniApplication [StartupInfoLogger.java:50] Starting AlumniApplication on DESKTOP-MS39Q40 with PID 9400 (D:\Code\IdeaProjects\alumni\target\classes started by Administrator in D:\Code\IdeaProjects\alumni)
2022-02-16 10:05:36,667 INFO [restartedMain] c.g.a.AlumniApplication [SpringApplication.java:646] No active profile set, falling back to default profiles: default
2022-02-16 10:05:36,699 INFO [restartedMain] o.s.b.d.e.DevToolsPropertyDefaultsPostProcessor [DeferredLog.java:225] Devtools property defaults active! Set 'spring.devtools.add-properties' to 'false' to disable
2022-02-16 10:05:36,699 INFO [restartedMain] o.s.b.d.e.DevToolsPropertyDefaultsPostProcessor [DeferredLog.java:225] For additional web related logging consider setting the 'logging.level.web' property to 'DEBUG'
2022-02-16 10:05:37,236 INFO [restartedMain] o.s.d.r.c.RepositoryConfigurationDelegate [RepositoryConfigurationDelegate.java:244] Multiple Spring Data modules found, entering strict repository configuration mode!
2022-02-16 10:05:37,239 INFO [restartedMain] o.s.d.r.c.RepositoryConfigurationDelegate [RepositoryConfigurationDelegate.java:126] Bootstrapping Spring Data repositories in DEFAULT mode.
2022-02-16 10:05:37,260 INFO [restartedMain] o.s.d.r.c.RepositoryConfigurationDelegate [RepositoryConfigurationDelegate.java:182] Finished Spring Data repository scanning in 11ms. Found 0 repository interfaces.
2022-02-16 10:05:37,535 INFO [restartedMain] o.s.c.s.PostProcessorRegistrationDelegate$BeanPostProcessorChecker [PostProcessorRegistrationDelegate.java:330] Bean 'org.springframework.transaction.annotation.ProxyTransactionManagementConfiguration' of type [org.springframework.transaction.annotation.ProxyTransactionManagementConfiguration$$EnhancerBySpringCGLIB$$1e4d8295] is not eligible for getting processed by all BeanPostProcessors (for example: not eligible for auto-proxying)
2022-02-16 10:05:37,734 INFO [restartedMain] o.s.b.w.e.t.TomcatWebServer [TomcatWebServer.java:90] Tomcat initialized with port(s): 8080 (http)
2022-02-16 10:05:37,743 INFO [restartedMain] o.a.c.h.Http11NioProtocol [DirectJDKLog.java:173] Initializing ProtocolHandler ["http-nio-8080"]
2022-02-16 10:05:37,749 INFO [restartedMain] o.a.c.c.StandardService [DirectJDKLog.java:173] Starting service [Tomcat]
2022-02-16 10:05:37,749 INFO [restartedMain] o.a.c.c.StandardEngine [DirectJDKLog.java:173] Starting Servlet engine: [Apache Tomcat/9.0.21]
2022-02-16 10:05:37,818 INFO [restartedMain] o.a.c.c.C.[.[.[/alumni] [DirectJDKLog.java:173] Initializing Spring embedded WebApplicationContext
2022-02-16 10:05:37,818 INFO [restartedMain] o.s.w.c.ContextLoader [ServletWebServerApplicationContext.java:283] Root WebApplicationContext: initialization completed in 1119 ms
2022-02-16 10:05:38,331 INFO [restartedMain] o.s.b.a.s.s.UserDetailsServiceAutoConfiguration [UserDetailsServiceAutoConfiguration.java:82] 

Using generated security password: 1c92db5f-b35f-4c8d-a4c7-86b601e567a9

2022-02-16 10:05:38,362 INFO [restartedMain] o.s.s.w.DefaultSecurityFilterChain [DefaultSecurityFilterChain.java:43] Creating filter chain: Ant [pattern='/resources/**'], []
2022-02-16 10:05:38,381 INFO [restartedMain] o.s.s.w.DefaultSecurityFilterChain [DefaultSecurityFilterChain.java:43] Creating filter chain: any request, [org.springframework.security.web.context.request.async.WebAsyncManagerIntegrationFilter@1d964def, org.springframework.security.web.context.SecurityContextPersistenceFilter@7c398268, org.springframework.security.web.header.HeaderWriterFilter@738a4324, org.springframework.security.web.authentication.logout.LogoutFilter@43b66aa7, org.springframework.security.web.savedrequest.RequestCacheAwareFilter@6d375402, org.springframework.security.web.servletapi.SecurityContextHolderAwareRequestFilter@678723e5, org.springframework.security.web.authentication.AnonymousAuthenticationFilter@54211e1c, org.springframework.security.web.session.SessionManagementFilter@24b9105, org.springframework.security.web.access.ExceptionTranslationFilter@1de9de97, org.springframework.security.web.access.intercept.FilterSecurityInterceptor@29e7ccae]
2022-02-16 10:05:38,477 INFO [restartedMain] o.s.s.c.ThreadPoolTaskExecutor [ExecutorConfigurationSupport.java:171] Initializing ExecutorService 'applicationTaskExecutor'
2022-02-16 10:05:38,546 INFO [restartedMain] o.s.b.a.w.s.WelcomePageHandlerMapping [WelcomePageHandlerMapping.java:58] Adding welcome page template: index
2022-02-16 10:05:38,709 INFO [restartedMain] o.s.b.d.a.OptionalLiveReloadServer [OptionalLiveReloadServer.java:57] LiveReload server is running on port 35729
2022-02-16 10:05:38,730 INFO [restartedMain] o.a.c.h.Http11NioProtocol [DirectJDKLog.java:173] Starting ProtocolHandler ["http-nio-8080"]
2022-02-16 10:05:38,749 INFO [restartedMain] o.s.b.w.e.t.TomcatWebServer [TomcatWebServer.java:202] Tomcat started on port(s): 8080 (http) with context path '/alumni'
2022-02-16 10:05:38,751 INFO [restartedMain] c.g.a.AlumniApplication [StartupInfoLogger.java:59] Started AlumniApplication in 2.381 seconds (JVM running for 3.037)
2022-02-16 10:05:46,726 INFO [http-nio-8080-exec-1] o.a.c.c.C.[.[.[/alumni] [DirectJDKLog.java:173] Initializing Spring DispatcherServlet 'dispatcherServlet'
2022-02-16 10:05:46,727 INFO [http-nio-8080-exec-1] o.s.w.s.DispatcherServlet [FrameworkServlet.java:524] Initializing Servlet 'dispatcherServlet'
2022-02-16 10:05:46,731 INFO [http-nio-8080-exec-1] o.s.w.s.DispatcherServlet [FrameworkServlet.java:546] Completed initialization in 4 ms
2022-02-16 10:05:46,815 INFO [http-nio-8080-exec-1] i.l.c.EpollProvider [EpollProvider.java:68] Starting without optional epoll library
2022-02-16 10:05:46,816 INFO [http-nio-8080-exec-1] i.l.c.KqueueProvider [KqueueProvider.java:70] Starting without optional kqueue library
2022-02-16 10:05:47,462 INFO [http-nio-8080-exec-1] c.z.h.HikariDataSource [HikariDataSource.java:110] HikariPool-1 - Starting...
2022-02-16 10:05:47,924 INFO [http-nio-8080-exec-1] c.z.h.HikariDataSource [HikariDataSource.java:123] HikariPool-1 - Start completed.
2022-02-16 10:07:20,953 INFO [restartedMain] c.g.a.AlumniApplication [StartupInfoLogger.java:50] Starting AlumniApplication on DESKTOP-MS39Q40 with PID 5092 (D:\Code\IdeaProjects\alumni\target\classes started by Administrator in D:\Code\IdeaProjects\alumni)
2022-02-16 10:07:20,956 INFO [restartedMain] c.g.a.AlumniApplication [SpringApplication.java:646] No active profile set, falling back to default profiles: default
2022-02-16 10:07:20,978 INFO [restartedMain] o.s.b.d.e.DevToolsPropertyDefaultsPostProcessor [DeferredLog.java:225] Devtools property defaults active! Set 'spring.devtools.add-properties' to 'false' to disable
2022-02-16 10:07:20,978 INFO [restartedMain] o.s.b.d.e.DevToolsPropertyDefaultsPostProcessor [DeferredLog.java:225] For additional web related logging consider setting the 'logging.level.web' property to 'DEBUG'
2022-02-16 10:07:21,472 INFO [restartedMain] o.s.d.r.c.RepositoryConfigurationDelegate [RepositoryConfigurationDelegate.java:244] Multiple Spring Data modules found, entering strict repository configuration mode!
2022-02-16 10:07:21,474 INFO [restartedMain] o.s.d.r.c.RepositoryConfigurationDelegate [RepositoryConfigurationDelegate.java:126] Bootstrapping Spring Data repositories in DEFAULT mode.
2022-02-16 10:07:21,495 INFO [restartedMain] o.s.d.r.c.RepositoryConfigurationDelegate [RepositoryConfigurationDelegate.java:182] Finished Spring Data repository scanning in 11ms. Found 0 repository interfaces.
2022-02-16 10:07:21,730 INFO [restartedMain] o.s.c.s.PostProcessorRegistrationDelegate$BeanPostProcessorChecker [PostProcessorRegistrationDelegate.java:330] Bean 'org.springframework.transaction.annotation.ProxyTransactionManagementConfiguration' of type [org.springframework.transaction.annotation.ProxyTransactionManagementConfiguration$$EnhancerBySpringCGLIB$$e5452fc5] is not eligible for getting processed by all BeanPostProcessors (for example: not eligible for auto-proxying)
2022-02-16 10:07:21,928 INFO [restartedMain] o.s.b.w.e.t.TomcatWebServer [TomcatWebServer.java:90] Tomcat initialized with port(s): 8080 (http)
2022-02-16 10:07:21,937 INFO [restartedMain] o.a.c.h.Http11NioProtocol [DirectJDKLog.java:173] Initializing ProtocolHandler ["http-nio-8080"]
2022-02-16 10:07:21,943 INFO [restartedMain] o.a.c.c.StandardService [DirectJDKLog.java:173] Starting service [Tomcat]
2022-02-16 10:07:21,943 INFO [restartedMain] o.a.c.c.StandardEngine [DirectJDKLog.java:173] Starting Servlet engine: [Apache Tomcat/9.0.21]
2022-02-16 10:07:22,009 INFO [restartedMain] o.a.c.c.C.[.[.[/alumni] [DirectJDKLog.java:173] Initializing Spring embedded WebApplicationContext
2022-02-16 10:07:22,009 INFO [restartedMain] o.s.w.c.ContextLoader [ServletWebServerApplicationContext.java:283] Root WebApplicationContext: initialization completed in 1030 ms
2022-02-16 10:07:22,506 INFO [restartedMain] o.s.b.a.s.s.UserDetailsServiceAutoConfiguration [UserDetailsServiceAutoConfiguration.java:82] 

Using generated security password: 042e136d-50e2-4d36-865b-2908742e384d

2022-02-16 10:07:22,538 INFO [restartedMain] o.s.s.w.DefaultSecurityFilterChain [DefaultSecurityFilterChain.java:43] Creating filter chain: Ant [pattern='/resources/**'], []
2022-02-16 10:07:22,558 INFO [restartedMain] o.s.s.w.DefaultSecurityFilterChain [DefaultSecurityFilterChain.java:43] Creating filter chain: any request, [org.springframework.security.web.context.request.async.WebAsyncManagerIntegrationFilter@6668d5dd, org.springframework.security.web.context.SecurityContextPersistenceFilter@12048640, org.springframework.security.web.header.HeaderWriterFilter@52e9fc20, org.springframework.security.web.authentication.logout.LogoutFilter@5a2dfc19, org.springframework.security.web.savedrequest.RequestCacheAwareFilter@65946263, org.springframework.security.web.servletapi.SecurityContextHolderAwareRequestFilter@43fc8b4d, org.springframework.security.web.authentication.AnonymousAuthenticationFilter@401f1661, org.springframework.security.web.session.SessionManagementFilter@12b49f47, org.springframework.security.web.access.ExceptionTranslationFilter@45e2f0a6, org.springframework.security.web.access.intercept.FilterSecurityInterceptor@25ee954c]
2022-02-16 10:07:22,649 INFO [restartedMain] o.s.s.c.ThreadPoolTaskExecutor [ExecutorConfigurationSupport.java:171] Initializing ExecutorService 'applicationTaskExecutor'
2022-02-16 10:07:22,716 INFO [restartedMain] o.s.b.a.w.s.WelcomePageHandlerMapping [WelcomePageHandlerMapping.java:58] Adding welcome page template: index
2022-02-16 10:07:22,884 INFO [restartedMain] o.s.b.d.a.OptionalLiveReloadServer [OptionalLiveReloadServer.java:57] LiveReload server is running on port 35729
2022-02-16 10:07:22,902 INFO [restartedMain] o.a.c.h.Http11NioProtocol [DirectJDKLog.java:173] Starting ProtocolHandler ["http-nio-8080"]
2022-02-16 10:07:22,919 INFO [restartedMain] o.s.b.w.e.t.TomcatWebServer [TomcatWebServer.java:202] Tomcat started on port(s): 8080 (http) with context path '/alumni'
2022-02-16 10:07:22,921 INFO [restartedMain] c.g.a.AlumniApplication [StartupInfoLogger.java:59] Started AlumniApplication in 2.228 seconds (JVM running for 2.831)
2022-02-16 10:07:27,680 INFO [http-nio-8080-exec-1] o.a.c.c.C.[.[.[/alumni] [DirectJDKLog.java:173] Initializing Spring DispatcherServlet 'dispatcherServlet'
2022-02-16 10:07:27,680 INFO [http-nio-8080-exec-1] o.s.w.s.DispatcherServlet [FrameworkServlet.java:524] Initializing Servlet 'dispatcherServlet'
2022-02-16 10:07:27,685 INFO [http-nio-8080-exec-1] o.s.w.s.DispatcherServlet [FrameworkServlet.java:546] Completed initialization in 4 ms
2022-02-16 10:07:27,768 INFO [http-nio-8080-exec-1] i.l.c.EpollProvider [EpollProvider.java:68] Starting without optional epoll library
2022-02-16 10:07:27,769 INFO [http-nio-8080-exec-1] i.l.c.KqueueProvider [KqueueProvider.java:70] Starting without optional kqueue library
2022-02-16 10:07:28,409 INFO [http-nio-8080-exec-1] c.z.h.HikariDataSource [HikariDataSource.java:110] HikariPool-1 - Starting...
2022-02-16 10:07:28,778 INFO [http-nio-8080-exec-1] c.z.h.HikariDataSource [HikariDataSource.java:123] HikariPool-1 - Start completed.
2022-02-16 10:13:01,996 INFO [restartedMain] c.g.a.AlumniApplication [StartupInfoLogger.java:50] Starting AlumniApplication on DESKTOP-MS39Q40 with PID 1756 (D:\Code\IdeaProjects\alumni\target\classes started by Administrator in D:\Code\IdeaProjects\alumni)
2022-02-16 10:13:01,999 INFO [restartedMain] c.g.a.AlumniApplication [SpringApplication.java:646] No active profile set, falling back to default profiles: default
2022-02-16 10:13:02,034 INFO [restartedMain] o.s.b.d.e.DevToolsPropertyDefaultsPostProcessor [DeferredLog.java:225] Devtools property defaults active! Set 'spring.devtools.add-properties' to 'false' to disable
2022-02-16 10:13:02,034 INFO [restartedMain] o.s.b.d.e.DevToolsPropertyDefaultsPostProcessor [DeferredLog.java:225] For additional web related logging consider setting the 'logging.level.web' property to 'DEBUG'
2022-02-16 10:13:02,593 INFO [restartedMain] o.s.d.r.c.RepositoryConfigurationDelegate [RepositoryConfigurationDelegate.java:244] Multiple Spring Data modules found, entering strict repository configuration mode!
2022-02-16 10:13:02,595 INFO [restartedMain] o.s.d.r.c.RepositoryConfigurationDelegate [RepositoryConfigurationDelegate.java:126] Bootstrapping Spring Data repositories in DEFAULT mode.
2022-02-16 10:13:02,616 INFO [restartedMain] o.s.d.r.c.RepositoryConfigurationDelegate [RepositoryConfigurationDelegate.java:182] Finished Spring Data repository scanning in 12ms. Found 0 repository interfaces.
2022-02-16 10:13:02,859 INFO [restartedMain] o.s.c.s.PostProcessorRegistrationDelegate$BeanPostProcessorChecker [PostProcessorRegistrationDelegate.java:330] Bean 'org.springframework.transaction.annotation.ProxyTransactionManagementConfiguration' of type [org.springframework.transaction.annotation.ProxyTransactionManagementConfiguration$$EnhancerBySpringCGLIB$$38e4d8ca] is not eligible for getting processed by all BeanPostProcessors (for example: not eligible for auto-proxying)
2022-02-16 10:13:03,058 INFO [restartedMain] o.s.b.w.e.t.TomcatWebServer [TomcatWebServer.java:90] Tomcat initialized with port(s): 8080 (http)
2022-02-16 10:13:03,067 INFO [restartedMain] o.a.c.h.Http11NioProtocol [DirectJDKLog.java:173] Initializing ProtocolHandler ["http-nio-8080"]
2022-02-16 10:13:03,073 INFO [restartedMain] o.a.c.c.StandardService [DirectJDKLog.java:173] Starting service [Tomcat]
2022-02-16 10:13:03,073 INFO [restartedMain] o.a.c.c.StandardEngine [DirectJDKLog.java:173] Starting Servlet engine: [Apache Tomcat/9.0.21]
2022-02-16 10:13:03,140 INFO [restartedMain] o.a.c.c.C.[.[.[/alumni] [DirectJDKLog.java:173] Initializing Spring embedded WebApplicationContext
2022-02-16 10:13:03,140 INFO [restartedMain] o.s.w.c.ContextLoader [ServletWebServerApplicationContext.java:283] Root WebApplicationContext: initialization completed in 1105 ms
2022-02-16 10:13:03,657 INFO [restartedMain] o.s.b.a.s.s.UserDetailsServiceAutoConfiguration [UserDetailsServiceAutoConfiguration.java:82] 

Using generated security password: 3667c86c-0b58-4bfc-80cb-a0fe94f619ac

2022-02-16 10:13:03,689 INFO [restartedMain] o.s.s.w.DefaultSecurityFilterChain [DefaultSecurityFilterChain.java:43] Creating filter chain: Ant [pattern='/resources/**'], []
2022-02-16 10:13:03,708 INFO [restartedMain] o.s.s.w.DefaultSecurityFilterChain [DefaultSecurityFilterChain.java:43] Creating filter chain: any request, [org.springframework.security.web.context.request.async.WebAsyncManagerIntegrationFilter@6ef0a681, org.springframework.security.web.context.SecurityContextPersistenceFilter@1db9857d, org.springframework.security.web.header.HeaderWriterFilter@412f95, org.springframework.security.web.authentication.logout.LogoutFilter@5a8890f3, org.springframework.security.web.savedrequest.RequestCacheAwareFilter@22d66f1c, org.springframework.security.web.servletapi.SecurityContextHolderAwareRequestFilter@3696de4a, org.springframework.security.web.authentication.AnonymousAuthenticationFilter@33acca5, org.springframework.security.web.session.SessionManagementFilter@7c0bd778, org.springframework.security.web.access.ExceptionTranslationFilter@62ac9443, org.springframework.security.web.access.intercept.FilterSecurityInterceptor@33e7e1a1]
2022-02-16 10:13:03,798 INFO [restartedMain] o.s.s.c.ThreadPoolTaskExecutor [ExecutorConfigurationSupport.java:171] Initializing ExecutorService 'applicationTaskExecutor'
2022-02-16 10:13:03,861 INFO [restartedMain] o.s.b.a.w.s.WelcomePageHandlerMapping [WelcomePageHandlerMapping.java:58] Adding welcome page template: index
2022-02-16 10:13:04,022 INFO [restartedMain] o.s.b.d.a.OptionalLiveReloadServer [OptionalLiveReloadServer.java:57] LiveReload server is running on port 35729
2022-02-16 10:13:04,042 INFO [restartedMain] o.a.c.h.Http11NioProtocol [DirectJDKLog.java:173] Starting ProtocolHandler ["http-nio-8080"]
2022-02-16 10:13:04,060 INFO [restartedMain] o.s.b.w.e.t.TomcatWebServer [TomcatWebServer.java:202] Tomcat started on port(s): 8080 (http) with context path '/alumni'
2022-02-16 10:13:04,062 INFO [restartedMain] c.g.a.AlumniApplication [StartupInfoLogger.java:59] Started AlumniApplication in 2.405 seconds (JVM running for 3.03)
2022-02-16 10:13:09,450 INFO [http-nio-8080-exec-1] o.a.c.c.C.[.[.[/alumni] [DirectJDKLog.java:173] Initializing Spring DispatcherServlet 'dispatcherServlet'
2022-02-16 10:13:09,450 INFO [http-nio-8080-exec-1] o.s.w.s.DispatcherServlet [FrameworkServlet.java:524] Initializing Servlet 'dispatcherServlet'
2022-02-16 10:13:09,454 INFO [http-nio-8080-exec-1] o.s.w.s.DispatcherServlet [FrameworkServlet.java:546] Completed initialization in 4 ms
2022-02-16 10:13:09,536 INFO [http-nio-8080-exec-1] i.l.c.EpollProvider [EpollProvider.java:68] Starting without optional epoll library
2022-02-16 10:13:09,537 INFO [http-nio-8080-exec-1] i.l.c.KqueueProvider [KqueueProvider.java:70] Starting without optional kqueue library
2022-02-16 10:13:10,419 INFO [http-nio-8080-exec-1] c.z.h.HikariDataSource [HikariDataSource.java:110] HikariPool-1 - Starting...
2022-02-16 10:13:10,774 INFO [http-nio-8080-exec-1] c.z.h.HikariDataSource [HikariDataSource.java:123] HikariPool-1 - Start completed.
2022-02-16 10:14:03,258 INFO [restartedMain] c.g.a.AlumniApplication [StartupInfoLogger.java:50] Starting AlumniApplication on DESKTOP-MS39Q40 with PID 7888 (D:\Code\IdeaProjects\alumni\target\classes started by Administrator in D:\Code\IdeaProjects\alumni)
2022-02-16 10:14:03,261 INFO [restartedMain] c.g.a.AlumniApplication [SpringApplication.java:646] No active profile set, falling back to default profiles: default
2022-02-16 10:14:03,287 INFO [restartedMain] o.s.b.d.e.DevToolsPropertyDefaultsPostProcessor [DeferredLog.java:225] Devtools property defaults active! Set 'spring.devtools.add-properties' to 'false' to disable
2022-02-16 10:14:03,287 INFO [restartedMain] o.s.b.d.e.DevToolsPropertyDefaultsPostProcessor [DeferredLog.java:225] For additional web related logging consider setting the 'logging.level.web' property to 'DEBUG'
2022-02-16 10:14:03,786 INFO [restartedMain] o.s.d.r.c.RepositoryConfigurationDelegate [RepositoryConfigurationDelegate.java:244] Multiple Spring Data modules found, entering strict repository configuration mode!
2022-02-16 10:14:03,788 INFO [restartedMain] o.s.d.r.c.RepositoryConfigurationDelegate [RepositoryConfigurationDelegate.java:126] Bootstrapping Spring Data repositories in DEFAULT mode.
2022-02-16 10:14:03,807 INFO [restartedMain] o.s.d.r.c.RepositoryConfigurationDelegate [RepositoryConfigurationDelegate.java:182] Finished Spring Data repository scanning in 11ms. Found 0 repository interfaces.
2022-02-16 10:14:04,037 INFO [restartedMain] o.s.c.s.PostProcessorRegistrationDelegate$BeanPostProcessorChecker [PostProcessorRegistrationDelegate.java:330] Bean 'org.springframework.transaction.annotation.ProxyTransactionManagementConfiguration' of type [org.springframework.transaction.annotation.ProxyTransactionManagementConfiguration$$EnhancerBySpringCGLIB$$372cd893] is not eligible for getting processed by all BeanPostProcessors (for example: not eligible for auto-proxying)
2022-02-16 10:14:04,253 INFO [restartedMain] o.s.b.w.e.t.TomcatWebServer [TomcatWebServer.java:90] Tomcat initialized with port(s): 8080 (http)
2022-02-16 10:14:04,263 INFO [restartedMain] o.a.c.h.Http11NioProtocol [DirectJDKLog.java:173] Initializing ProtocolHandler ["http-nio-8080"]
2022-02-16 10:14:04,268 INFO [restartedMain] o.a.c.c.StandardService [DirectJDKLog.java:173] Starting service [Tomcat]
2022-02-16 10:14:04,268 INFO [restartedMain] o.a.c.c.StandardEngine [DirectJDKLog.java:173] Starting Servlet engine: [Apache Tomcat/9.0.21]
2022-02-16 10:14:04,336 INFO [restartedMain] o.a.c.c.C.[.[.[/alumni] [DirectJDKLog.java:173] Initializing Spring embedded WebApplicationContext
2022-02-16 10:14:04,336 INFO [restartedMain] o.s.w.c.ContextLoader [ServletWebServerApplicationContext.java:283] Root WebApplicationContext: initialization completed in 1049 ms
2022-02-16 10:14:04,851 INFO [restartedMain] o.s.b.a.s.s.UserDetailsServiceAutoConfiguration [UserDetailsServiceAutoConfiguration.java:82] 

Using generated security password: ca0224dd-610a-48da-b4a6-77ed0ba2c631

2022-02-16 10:14:04,888 INFO [restartedMain] o.s.s.w.DefaultSecurityFilterChain [DefaultSecurityFilterChain.java:43] Creating filter chain: Ant [pattern='/resources/**'], []
2022-02-16 10:14:04,911 INFO [restartedMain] o.s.s.w.DefaultSecurityFilterChain [DefaultSecurityFilterChain.java:43] Creating filter chain: any request, [org.springframework.security.web.context.request.async.WebAsyncManagerIntegrationFilter@2780c04b, org.springframework.security.web.context.SecurityContextPersistenceFilter@6a6ae96, org.springframework.security.web.header.HeaderWriterFilter@10d72bc8, org.springframework.security.web.authentication.logout.LogoutFilter@5cc80bc4, org.springframework.security.web.savedrequest.RequestCacheAwareFilter@5bfe1e1b, org.springframework.security.web.servletapi.SecurityContextHolderAwareRequestFilter@2d92f5e5, org.springframework.security.web.authentication.AnonymousAuthenticationFilter@2ca70283, org.springframework.security.web.session.SessionManagementFilter@6206651d, org.springframework.security.web.access.ExceptionTranslationFilter@4ee5616b, org.springframework.security.web.access.intercept.FilterSecurityInterceptor@3defe17b]
2022-02-16 10:14:05,012 INFO [restartedMain] o.s.s.c.ThreadPoolTaskExecutor [ExecutorConfigurationSupport.java:171] Initializing ExecutorService 'applicationTaskExecutor'
2022-02-16 10:14:05,080 INFO [restartedMain] o.s.b.a.w.s.WelcomePageHandlerMapping [WelcomePageHandlerMapping.java:58] Adding welcome page template: index
2022-02-16 10:14:05,250 INFO [restartedMain] o.s.b.d.a.OptionalLiveReloadServer [OptionalLiveReloadServer.java:57] LiveReload server is running on port 35729
2022-02-16 10:14:05,271 INFO [restartedMain] o.a.c.h.Http11NioProtocol [DirectJDKLog.java:173] Starting ProtocolHandler ["http-nio-8080"]
2022-02-16 10:14:05,290 INFO [restartedMain] o.s.b.w.e.t.TomcatWebServer [TomcatWebServer.java:202] Tomcat started on port(s): 8080 (http) with context path '/alumni'
2022-02-16 10:14:05,292 INFO [restartedMain] c.g.a.AlumniApplication [StartupInfoLogger.java:59] Started AlumniApplication in 2.289 seconds (JVM running for 2.904)
2022-02-16 10:14:26,523 INFO [http-nio-8080-exec-1] o.a.c.c.C.[.[.[/alumni] [DirectJDKLog.java:173] Initializing Spring DispatcherServlet 'dispatcherServlet'
2022-02-16 10:14:26,523 INFO [http-nio-8080-exec-1] o.s.w.s.DispatcherServlet [FrameworkServlet.java:524] Initializing Servlet 'dispatcherServlet'
2022-02-16 10:14:26,527 INFO [http-nio-8080-exec-1] o.s.w.s.DispatcherServlet [FrameworkServlet.java:546] Completed initialization in 4 ms
2022-02-16 10:14:26,624 INFO [http-nio-8080-exec-1] i.l.c.EpollProvider [EpollProvider.java:68] Starting without optional epoll library
2022-02-16 10:14:26,625 INFO [http-nio-8080-exec-1] i.l.c.KqueueProvider [KqueueProvider.java:70] Starting without optional kqueue library
2022-02-16 10:14:27,760 INFO [http-nio-8080-exec-1] c.z.h.HikariDataSource [HikariDataSource.java:110] HikariPool-1 - Starting...
2022-02-16 10:14:28,201 INFO [http-nio-8080-exec-1] c.z.h.HikariDataSource [HikariDataSource.java:123] HikariPool-1 - Start completed.
2022-02-16 10:15:15,158 INFO [restartedMain] c.g.a.AlumniApplication [StartupInfoLogger.java:50] Starting AlumniApplication on DESKTOP-MS39Q40 with PID 7848 (D:\Code\IdeaProjects\alumni\target\classes started by Administrator in D:\Code\IdeaProjects\alumni)
2022-02-16 10:15:15,160 INFO [restartedMain] c.g.a.AlumniApplication [SpringApplication.java:646] No active profile set, falling back to default profiles: default
2022-02-16 10:15:15,185 INFO [restartedMain] o.s.b.d.e.DevToolsPropertyDefaultsPostProcessor [DeferredLog.java:225] Devtools property defaults active! Set 'spring.devtools.add-properties' to 'false' to disable
2022-02-16 10:15:15,185 INFO [restartedMain] o.s.b.d.e.DevToolsPropertyDefaultsPostProcessor [DeferredLog.java:225] For additional web related logging consider setting the 'logging.level.web' property to 'DEBUG'
2022-02-16 10:15:15,720 INFO [restartedMain] o.s.d.r.c.RepositoryConfigurationDelegate [RepositoryConfigurationDelegate.java:244] Multiple Spring Data modules found, entering strict repository configuration mode!
2022-02-16 10:15:15,722 INFO [restartedMain] o.s.d.r.c.RepositoryConfigurationDelegate [RepositoryConfigurationDelegate.java:126] Bootstrapping Spring Data repositories in DEFAULT mode.
2022-02-16 10:15:15,744 INFO [restartedMain] o.s.d.r.c.RepositoryConfigurationDelegate [RepositoryConfigurationDelegate.java:182] Finished Spring Data repository scanning in 11ms. Found 0 repository interfaces.
2022-02-16 10:15:15,999 INFO [restartedMain] o.s.c.s.PostProcessorRegistrationDelegate$BeanPostProcessorChecker [PostProcessorRegistrationDelegate.java:330] Bean 'org.springframework.transaction.annotation.ProxyTransactionManagementConfiguration' of type [org.springframework.transaction.annotation.ProxyTransactionManagementConfiguration$$EnhancerBySpringCGLIB$$90359c47] is not eligible for getting processed by all BeanPostProcessors (for example: not eligible for auto-proxying)
2022-02-16 10:15:16,197 INFO [restartedMain] o.s.b.w.e.t.TomcatWebServer [TomcatWebServer.java:90] Tomcat initialized with port(s): 8080 (http)
2022-02-16 10:15:16,204 INFO [restartedMain] o.a.c.h.Http11NioProtocol [DirectJDKLog.java:173] Initializing ProtocolHandler ["http-nio-8080"]
2022-02-16 10:15:16,210 INFO [restartedMain] o.a.c.c.StandardService [DirectJDKLog.java:173] Starting service [Tomcat]
2022-02-16 10:15:16,210 INFO [restartedMain] o.a.c.c.StandardEngine [DirectJDKLog.java:173] Starting Servlet engine: [Apache Tomcat/9.0.21]
2022-02-16 10:15:16,279 INFO [restartedMain] o.a.c.c.C.[.[.[/alumni] [DirectJDKLog.java:173] Initializing Spring embedded WebApplicationContext
2022-02-16 10:15:16,280 INFO [restartedMain] o.s.w.c.ContextLoader [ServletWebServerApplicationContext.java:283] Root WebApplicationContext: initialization completed in 1095 ms
2022-02-16 10:15:16,786 INFO [restartedMain] o.s.b.a.s.s.UserDetailsServiceAutoConfiguration [UserDetailsServiceAutoConfiguration.java:82] 

Using generated security password: 7208abc1-a295-47bc-9fba-70c6ff29e6a3

2022-02-16 10:15:16,829 INFO [restartedMain] o.s.s.w.DefaultSecurityFilterChain [DefaultSecurityFilterChain.java:43] Creating filter chain: Ant [pattern='/resources/**'], []
2022-02-16 10:15:16,905 INFO [restartedMain] o.s.s.w.DefaultSecurityFilterChain [DefaultSecurityFilterChain.java:43] Creating filter chain: any request, [org.springframework.security.web.context.request.async.WebAsyncManagerIntegrationFilter@2e976de1, org.springframework.security.web.context.SecurityContextPersistenceFilter@74a5380e, org.springframework.security.web.header.HeaderWriterFilter@2e948f6e, org.springframework.security.web.authentication.logout.LogoutFilter@7b675051, org.springframework.security.web.savedrequest.RequestCacheAwareFilter@7f8c46b, org.springframework.security.web.servletapi.SecurityContextHolderAwareRequestFilter@6ef5e8e, org.springframework.security.web.authentication.AnonymousAuthenticationFilter@1462dc54, org.springframework.security.web.session.SessionManagementFilter@564a6410, org.springframework.security.web.access.ExceptionTranslationFilter@4cb3e28f, org.springframework.security.web.access.intercept.FilterSecurityInterceptor@48c73015]
2022-02-16 10:15:17,078 INFO [restartedMain] o.s.s.c.ThreadPoolTaskExecutor [ExecutorConfigurationSupport.java:171] Initializing ExecutorService 'applicationTaskExecutor'
2022-02-16 10:15:17,147 INFO [restartedMain] o.s.b.a.w.s.WelcomePageHandlerMapping [WelcomePageHandlerMapping.java:58] Adding welcome page template: index
2022-02-16 10:15:17,336 INFO [restartedMain] o.s.b.d.a.OptionalLiveReloadServer [OptionalLiveReloadServer.java:57] LiveReload server is running on port 35729
2022-02-16 10:15:17,359 INFO [restartedMain] o.a.c.h.Http11NioProtocol [DirectJDKLog.java:173] Starting ProtocolHandler ["http-nio-8080"]
2022-02-16 10:15:17,378 INFO [restartedMain] o.s.b.w.e.t.TomcatWebServer [TomcatWebServer.java:202] Tomcat started on port(s): 8080 (http) with context path '/alumni'
2022-02-16 10:15:17,380 INFO [restartedMain] c.g.a.AlumniApplication [StartupInfoLogger.java:59] Started AlumniApplication in 2.488 seconds (JVM running for 3.13)
2022-02-16 10:15:23,762 INFO [http-nio-8080-exec-1] o.a.c.c.C.[.[.[/alumni] [DirectJDKLog.java:173] Initializing Spring DispatcherServlet 'dispatcherServlet'
2022-02-16 10:15:23,762 INFO [http-nio-8080-exec-1] o.s.w.s.DispatcherServlet [FrameworkServlet.java:524] Initializing Servlet 'dispatcherServlet'
2022-02-16 10:15:23,767 INFO [http-nio-8080-exec-1] o.s.w.s.DispatcherServlet [FrameworkServlet.java:546] Completed initialization in 4 ms
2022-02-16 10:15:23,853 INFO [http-nio-8080-exec-1] i.l.c.EpollProvider [EpollProvider.java:68] Starting without optional epoll library
2022-02-16 10:15:23,854 INFO [http-nio-8080-exec-1] i.l.c.KqueueProvider [KqueueProvider.java:70] Starting without optional kqueue library
2022-02-16 10:15:24,496 INFO [http-nio-8080-exec-1] c.z.h.HikariDataSource [HikariDataSource.java:110] HikariPool-1 - Starting...
2022-02-16 10:15:24,878 INFO [http-nio-8080-exec-1] c.z.h.HikariDataSource [HikariDataSource.java:123] HikariPool-1 - Start completed.
2022-02-16 10:26:22,509 INFO [restartedMain] c.g.a.AlumniApplication [StartupInfoLogger.java:50] Starting AlumniApplication on DESKTOP-MS39Q40 with PID 14288 (D:\Code\IdeaProjects\alumni\target\classes started by Administrator in D:\Code\IdeaProjects\alumni)
2022-02-16 10:26:22,512 INFO [restartedMain] c.g.a.AlumniApplication [SpringApplication.java:646] No active profile set, falling back to default profiles: default
2022-02-16 10:26:22,536 INFO [restartedMain] o.s.b.d.e.DevToolsPropertyDefaultsPostProcessor [DeferredLog.java:225] Devtools property defaults active! Set 'spring.devtools.add-properties' to 'false' to disable
2022-02-16 10:26:22,537 INFO [restartedMain] o.s.b.d.e.DevToolsPropertyDefaultsPostProcessor [DeferredLog.java:225] For additional web related logging consider setting the 'logging.level.web' property to 'DEBUG'
2022-02-16 10:26:23,100 INFO [restartedMain] o.s.d.r.c.RepositoryConfigurationDelegate [RepositoryConfigurationDelegate.java:244] Multiple Spring Data modules found, entering strict repository configuration mode!
2022-02-16 10:26:23,102 INFO [restartedMain] o.s.d.r.c.RepositoryConfigurationDelegate [RepositoryConfigurationDelegate.java:126] Bootstrapping Spring Data repositories in DEFAULT mode.
2022-02-16 10:26:23,121 INFO [restartedMain] o.s.d.r.c.RepositoryConfigurationDelegate [RepositoryConfigurationDelegate.java:182] Finished Spring Data repository scanning in 11ms. Found 0 repository interfaces.
2022-02-16 10:26:23,379 INFO [restartedMain] o.s.c.s.PostProcessorRegistrationDelegate$BeanPostProcessorChecker [PostProcessorRegistrationDelegate.java:330] Bean 'org.springframework.transaction.annotation.ProxyTransactionManagementConfiguration' of type [org.springframework.transaction.annotation.ProxyTransactionManagementConfiguration$$EnhancerBySpringCGLIB$$c52d6cf4] is not eligible for getting processed by all BeanPostProcessors (for example: not eligible for auto-proxying)
2022-02-16 10:26:23,586 INFO [restartedMain] o.s.b.w.e.t.TomcatWebServer [TomcatWebServer.java:90] Tomcat initialized with port(s): 8080 (http)
2022-02-16 10:26:23,594 INFO [restartedMain] o.a.c.h.Http11NioProtocol [DirectJDKLog.java:173] Initializing ProtocolHandler ["http-nio-8080"]
2022-02-16 10:26:23,600 INFO [restartedMain] o.a.c.c.StandardService [DirectJDKLog.java:173] Starting service [Tomcat]
2022-02-16 10:26:23,601 INFO [restartedMain] o.a.c.c.StandardEngine [DirectJDKLog.java:173] Starting Servlet engine: [Apache Tomcat/9.0.21]
2022-02-16 10:26:23,667 INFO [restartedMain] o.a.c.c.C.[.[.[/alumni] [DirectJDKLog.java:173] Initializing Spring embedded WebApplicationContext
2022-02-16 10:26:23,667 INFO [restartedMain] o.s.w.c.ContextLoader [ServletWebServerApplicationContext.java:283] Root WebApplicationContext: initialization completed in 1130 ms
2022-02-16 10:26:24,174 INFO [restartedMain] o.s.b.a.s.s.UserDetailsServiceAutoConfiguration [UserDetailsServiceAutoConfiguration.java:82] 

Using generated security password: c5cf0867-950a-44e9-b470-017fb1b43f32

2022-02-16 10:26:24,206 INFO [restartedMain] o.s.s.w.DefaultSecurityFilterChain [DefaultSecurityFilterChain.java:43] Creating filter chain: Ant [pattern='/resources/**'], []
2022-02-16 10:26:24,227 INFO [restartedMain] o.s.s.w.DefaultSecurityFilterChain [DefaultSecurityFilterChain.java:43] Creating filter chain: any request, [org.springframework.security.web.context.request.async.WebAsyncManagerIntegrationFilter@2d837208, org.springframework.security.web.context.SecurityContextPersistenceFilter@44e0b53c, org.springframework.security.web.header.HeaderWriterFilter@386f4176, org.springframework.security.web.authentication.logout.LogoutFilter@330dead7, org.springframework.security.web.savedrequest.RequestCacheAwareFilter@2527075f, org.springframework.security.web.servletapi.SecurityContextHolderAwareRequestFilter@2ac9e0c, org.springframework.security.web.authentication.AnonymousAuthenticationFilter@39b11d0f, org.springframework.security.web.session.SessionManagementFilter@29da0993, org.springframework.security.web.access.ExceptionTranslationFilter@c5ac0f4, org.springframework.security.web.access.intercept.FilterSecurityInterceptor@69c7da0e]
2022-02-16 10:26:24,319 INFO [restartedMain] o.s.s.c.ThreadPoolTaskExecutor [ExecutorConfigurationSupport.java:171] Initializing ExecutorService 'applicationTaskExecutor'
2022-02-16 10:26:24,383 INFO [restartedMain] o.s.b.a.w.s.WelcomePageHandlerMapping [WelcomePageHandlerMapping.java:58] Adding welcome page template: index
2022-02-16 10:26:24,544 INFO [restartedMain] o.s.b.d.a.OptionalLiveReloadServer [OptionalLiveReloadServer.java:57] LiveReload server is running on port 35729
2022-02-16 10:26:24,565 INFO [restartedMain] o.a.c.h.Http11NioProtocol [DirectJDKLog.java:173] Starting ProtocolHandler ["http-nio-8080"]
2022-02-16 10:26:24,582 INFO [restartedMain] o.s.b.w.e.t.TomcatWebServer [TomcatWebServer.java:202] Tomcat started on port(s): 8080 (http) with context path '/alumni'
2022-02-16 10:26:24,585 INFO [restartedMain] c.g.a.AlumniApplication [StartupInfoLogger.java:59] Started AlumniApplication in 2.347 seconds (JVM running for 2.959)
2022-02-16 10:26:31,076 INFO [http-nio-8080-exec-1] o.a.c.c.C.[.[.[/alumni] [DirectJDKLog.java:173] Initializing Spring DispatcherServlet 'dispatcherServlet'
2022-02-16 10:26:31,076 INFO [http-nio-8080-exec-1] o.s.w.s.DispatcherServlet [FrameworkServlet.java:524] Initializing Servlet 'dispatcherServlet'
2022-02-16 10:26:31,080 INFO [http-nio-8080-exec-1] o.s.w.s.DispatcherServlet [FrameworkServlet.java:546] Completed initialization in 3 ms
2022-02-16 10:26:31,163 INFO [http-nio-8080-exec-1] i.l.c.EpollProvider [EpollProvider.java:68] Starting without optional epoll library
2022-02-16 10:26:31,164 INFO [http-nio-8080-exec-1] i.l.c.KqueueProvider [KqueueProvider.java:70] Starting without optional kqueue library
2022-02-16 10:26:31,793 INFO [http-nio-8080-exec-1] c.z.h.HikariDataSource [HikariDataSource.java:110] HikariPool-1 - Starting...
2022-02-16 10:26:32,138 INFO [http-nio-8080-exec-1] c.z.h.HikariDataSource [HikariDataSource.java:123] HikariPool-1 - Start completed.
2022-02-16 10:28:20,236 INFO [restartedMain] c.g.a.AlumniApplication [StartupInfoLogger.java:50] Starting AlumniApplication on DESKTOP-MS39Q40 with PID 12600 (D:\Code\IdeaProjects\alumni\target\classes started by Administrator in D:\Code\IdeaProjects\alumni)
2022-02-16 10:28:20,239 INFO [restartedMain] c.g.a.AlumniApplication [SpringApplication.java:646] No active profile set, falling back to default profiles: default
2022-02-16 10:28:20,271 INFO [restartedMain] o.s.b.d.e.DevToolsPropertyDefaultsPostProcessor [DeferredLog.java:225] Devtools property defaults active! Set 'spring.devtools.add-properties' to 'false' to disable
2022-02-16 10:28:20,271 INFO [restartedMain] o.s.b.d.e.DevToolsPropertyDefaultsPostProcessor [DeferredLog.java:225] For additional web related logging consider setting the 'logging.level.web' property to 'DEBUG'
2022-02-16 10:28:20,812 INFO [restartedMain] o.s.d.r.c.RepositoryConfigurationDelegate [RepositoryConfigurationDelegate.java:244] Multiple Spring Data modules found, entering strict repository configuration mode!
2022-02-16 10:28:20,813 INFO [restartedMain] o.s.d.r.c.RepositoryConfigurationDelegate [RepositoryConfigurationDelegate.java:126] Bootstrapping Spring Data repositories in DEFAULT mode.
2022-02-16 10:28:20,833 INFO [restartedMain] o.s.d.r.c.RepositoryConfigurationDelegate [RepositoryConfigurationDelegate.java:182] Finished Spring Data repository scanning in 10ms. Found 0 repository interfaces.
2022-02-16 10:28:21,087 INFO [restartedMain] o.s.c.s.PostProcessorRegistrationDelegate$BeanPostProcessorChecker [PostProcessorRegistrationDelegate.java:330] Bean 'org.springframework.transaction.annotation.ProxyTransactionManagementConfiguration' of type [org.springframework.transaction.annotation.ProxyTransactionManagementConfiguration$$EnhancerBySpringCGLIB$$c56cd163] is not eligible for getting processed by all BeanPostProcessors (for example: not eligible for auto-proxying)
2022-02-16 10:28:21,316 INFO [restartedMain] o.s.b.w.e.t.TomcatWebServer [TomcatWebServer.java:90] Tomcat initialized with port(s): 8080 (http)
2022-02-16 10:28:21,327 INFO [restartedMain] o.a.c.h.Http11NioProtocol [DirectJDKLog.java:173] Initializing ProtocolHandler ["http-nio-8080"]
2022-02-16 10:28:21,333 INFO [restartedMain] o.a.c.c.StandardService [DirectJDKLog.java:173] Starting service [Tomcat]
2022-02-16 10:28:21,333 INFO [restartedMain] o.a.c.c.StandardEngine [DirectJDKLog.java:173] Starting Servlet engine: [Apache Tomcat/9.0.21]
2022-02-16 10:28:21,408 INFO [restartedMain] o.a.c.c.C.[.[.[/alumni] [DirectJDKLog.java:173] Initializing Spring embedded WebApplicationContext
2022-02-16 10:28:21,408 INFO [restartedMain] o.s.w.c.ContextLoader [ServletWebServerApplicationContext.java:283] Root WebApplicationContext: initialization completed in 1137 ms
2022-02-16 10:28:21,952 INFO [restartedMain] o.s.b.a.s.s.UserDetailsServiceAutoConfiguration [UserDetailsServiceAutoConfiguration.java:82] 

Using generated security password: 716cbc8b-50cf-417c-b0bc-0d55d2d47d35

2022-02-16 10:28:21,984 INFO [restartedMain] o.s.s.w.DefaultSecurityFilterChain [DefaultSecurityFilterChain.java:43] Creating filter chain: Ant [pattern='/resources/**'], []
2022-02-16 10:28:22,003 INFO [restartedMain] o.s.s.w.DefaultSecurityFilterChain [DefaultSecurityFilterChain.java:43] Creating filter chain: any request, [org.springframework.security.web.context.request.async.WebAsyncManagerIntegrationFilter@6d46dd4a, org.springframework.security.web.context.SecurityContextPersistenceFilter@f8dc3b9, org.springframework.security.web.header.HeaderWriterFilter@1875f44b, org.springframework.security.web.authentication.logout.LogoutFilter@793e2208, org.springframework.security.web.savedrequest.RequestCacheAwareFilter@6ca83b9a, org.springframework.security.web.servletapi.SecurityContextHolderAwareRequestFilter@61abcd28, org.springframework.security.web.authentication.AnonymousAuthenticationFilter@761d831a, org.springframework.security.web.session.SessionManagementFilter@772ca156, org.springframework.security.web.access.ExceptionTranslationFilter@5bfe1e1b, org.springframework.security.web.access.intercept.FilterSecurityInterceptor@1d1fde1b]
2022-02-16 10:28:22,099 INFO [restartedMain] o.s.s.c.ThreadPoolTaskExecutor [ExecutorConfigurationSupport.java:171] Initializing ExecutorService 'applicationTaskExecutor'
2022-02-16 10:28:22,178 INFO [restartedMain] o.s.b.a.w.s.WelcomePageHandlerMapping [WelcomePageHandlerMapping.java:58] Adding welcome page template: index
2022-02-16 10:28:22,350 INFO [restartedMain] o.s.b.d.a.OptionalLiveReloadServer [OptionalLiveReloadServer.java:57] LiveReload server is running on port 35729
2022-02-16 10:28:22,369 INFO [restartedMain] o.a.c.h.Http11NioProtocol [DirectJDKLog.java:173] Starting ProtocolHandler ["http-nio-8080"]
2022-02-16 10:28:22,385 INFO [restartedMain] o.s.b.w.e.t.TomcatWebServer [TomcatWebServer.java:202] Tomcat started on port(s): 8080 (http) with context path '/alumni'
2022-02-16 10:28:22,388 INFO [restartedMain] c.g.a.AlumniApplication [StartupInfoLogger.java:59] Started AlumniApplication in 2.47 seconds (JVM running for 3.119)
2022-02-16 10:28:26,526 INFO [http-nio-8080-exec-1] o.a.c.c.C.[.[.[/alumni] [DirectJDKLog.java:173] Initializing Spring DispatcherServlet 'dispatcherServlet'
2022-02-16 10:28:26,527 INFO [http-nio-8080-exec-1] o.s.w.s.DispatcherServlet [FrameworkServlet.java:524] Initializing Servlet 'dispatcherServlet'
2022-02-16 10:28:26,531 INFO [http-nio-8080-exec-1] o.s.w.s.DispatcherServlet [FrameworkServlet.java:546] Completed initialization in 4 ms
2022-02-16 10:28:26,618 INFO [http-nio-8080-exec-1] i.l.c.EpollProvider [EpollProvider.java:68] Starting without optional epoll library
2022-02-16 10:28:26,619 INFO [http-nio-8080-exec-1] i.l.c.KqueueProvider [KqueueProvider.java:70] Starting without optional kqueue library
2022-02-16 10:28:27,238 INFO [http-nio-8080-exec-1] c.z.h.HikariDataSource [HikariDataSource.java:110] HikariPool-1 - Starting...
2022-02-16 10:28:27,705 INFO [http-nio-8080-exec-1] c.z.h.HikariDataSource [HikariDataSource.java:123] HikariPool-1 - Start completed.
2022-02-16 10:35:24,044 INFO [restartedMain] c.g.a.AlumniApplication [StartupInfoLogger.java:50] Starting AlumniApplication on DESKTOP-MS39Q40 with PID 2464 (D:\Code\IdeaProjects\alumni\target\classes started by Administrator in D:\Code\IdeaProjects\alumni)
2022-02-16 10:35:24,047 INFO [restartedMain] c.g.a.AlumniApplication [SpringApplication.java:646] No active profile set, falling back to default profiles: default
2022-02-16 10:35:24,080 INFO [restartedMain] o.s.b.d.e.DevToolsPropertyDefaultsPostProcessor [DeferredLog.java:225] Devtools property defaults active! Set 'spring.devtools.add-properties' to 'false' to disable
2022-02-16 10:35:24,081 INFO [restartedMain] o.s.b.d.e.DevToolsPropertyDefaultsPostProcessor [DeferredLog.java:225] For additional web related logging consider setting the 'logging.level.web' property to 'DEBUG'
2022-02-16 10:35:24,661 INFO [restartedMain] o.s.d.r.c.RepositoryConfigurationDelegate [RepositoryConfigurationDelegate.java:244] Multiple Spring Data modules found, entering strict repository configuration mode!
2022-02-16 10:35:24,663 INFO [restartedMain] o.s.d.r.c.RepositoryConfigurationDelegate [RepositoryConfigurationDelegate.java:126] Bootstrapping Spring Data repositories in DEFAULT mode.
2022-02-16 10:35:24,686 INFO [restartedMain] o.s.d.r.c.RepositoryConfigurationDelegate [RepositoryConfigurationDelegate.java:182] Finished Spring Data repository scanning in 11ms. Found 0 repository interfaces.
2022-02-16 10:35:24,960 INFO [restartedMain] o.s.c.s.PostProcessorRegistrationDelegate$BeanPostProcessorChecker [PostProcessorRegistrationDelegate.java:330] Bean 'org.springframework.transaction.annotation.ProxyTransactionManagementConfiguration' of type [org.springframework.transaction.annotation.ProxyTransactionManagementConfiguration$$EnhancerBySpringCGLIB$$68a29fad] is not eligible for getting processed by all BeanPostProcessors (for example: not eligible for auto-proxying)
2022-02-16 10:35:25,171 INFO [restartedMain] o.s.b.w.e.t.TomcatWebServer [TomcatWebServer.java:90] Tomcat initialized with port(s): 8080 (http)
2022-02-16 10:35:25,180 INFO [restartedMain] o.a.c.h.Http11NioProtocol [DirectJDKLog.java:173] Initializing ProtocolHandler ["http-nio-8080"]
2022-02-16 10:35:25,186 INFO [restartedMain] o.a.c.c.StandardService [DirectJDKLog.java:173] Starting service [Tomcat]
2022-02-16 10:35:25,186 INFO [restartedMain] o.a.c.c.StandardEngine [DirectJDKLog.java:173] Starting Servlet engine: [Apache Tomcat/9.0.21]
2022-02-16 10:35:25,256 INFO [restartedMain] o.a.c.c.C.[.[.[/alumni] [DirectJDKLog.java:173] Initializing Spring embedded WebApplicationContext
2022-02-16 10:35:25,257 INFO [restartedMain] o.s.w.c.ContextLoader [ServletWebServerApplicationContext.java:283] Root WebApplicationContext: initialization completed in 1176 ms
2022-02-16 10:35:25,771 INFO [restartedMain] o.s.b.a.s.s.UserDetailsServiceAutoConfiguration [UserDetailsServiceAutoConfiguration.java:82] 

Using generated security password: 35ee1290-933c-4c52-9fde-8c658336dc5e

2022-02-16 10:35:25,806 INFO [restartedMain] o.s.s.w.DefaultSecurityFilterChain [DefaultSecurityFilterChain.java:43] Creating filter chain: Ant [pattern='/resources/**'], []
2022-02-16 10:35:25,829 INFO [restartedMain] o.s.s.w.DefaultSecurityFilterChain [DefaultSecurityFilterChain.java:43] Creating filter chain: any request, [org.springframework.security.web.context.request.async.WebAsyncManagerIntegrationFilter@734387b8, org.springframework.security.web.context.SecurityContextPersistenceFilter@790cbb30, org.springframework.security.web.header.HeaderWriterFilter@1540c1a7, org.springframework.security.web.authentication.logout.LogoutFilter@3f54468f, org.springframework.security.web.savedrequest.RequestCacheAwareFilter@19024d6e, org.springframework.security.web.servletapi.SecurityContextHolderAwareRequestFilter@4e7a7cde, org.springframework.security.web.authentication.AnonymousAuthenticationFilter@6114d6c8, org.springframework.security.web.session.SessionManagementFilter@543742b7, org.springframework.security.web.access.ExceptionTranslationFilter@7e0d3817, org.springframework.security.web.access.intercept.FilterSecurityInterceptor@1e5f1bba]
2022-02-16 10:35:25,936 INFO [restartedMain] o.s.s.c.ThreadPoolTaskExecutor [ExecutorConfigurationSupport.java:171] Initializing ExecutorService 'applicationTaskExecutor'
2022-02-16 10:35:26,024 INFO [restartedMain] o.s.b.a.w.s.WelcomePageHandlerMapping [WelcomePageHandlerMapping.java:58] Adding welcome page template: index
2022-02-16 10:35:26,199 INFO [restartedMain] o.s.b.d.a.OptionalLiveReloadServer [OptionalLiveReloadServer.java:57] LiveReload server is running on port 35729
2022-02-16 10:35:26,222 INFO [restartedMain] o.a.c.h.Http11NioProtocol [DirectJDKLog.java:173] Starting ProtocolHandler ["http-nio-8080"]
2022-02-16 10:35:26,243 INFO [restartedMain] o.s.b.w.e.t.TomcatWebServer [TomcatWebServer.java:202] Tomcat started on port(s): 8080 (http) with context path '/alumni'
2022-02-16 10:35:26,245 INFO [restartedMain] c.g.a.AlumniApplication [StartupInfoLogger.java:59] Started AlumniApplication in 2.495 seconds (JVM running for 3.157)
2022-02-16 10:35:29,916 INFO [http-nio-8080-exec-1] o.a.c.c.C.[.[.[/alumni] [DirectJDKLog.java:173] Initializing Spring DispatcherServlet 'dispatcherServlet'
2022-02-16 10:35:29,916 INFO [http-nio-8080-exec-1] o.s.w.s.DispatcherServlet [FrameworkServlet.java:524] Initializing Servlet 'dispatcherServlet'
2022-02-16 10:35:29,920 INFO [http-nio-8080-exec-1] o.s.w.s.DispatcherServlet [FrameworkServlet.java:546] Completed initialization in 4 ms
2022-02-16 10:35:30,006 INFO [http-nio-8080-exec-1] i.l.c.EpollProvider [EpollProvider.java:68] Starting without optional epoll library
2022-02-16 10:35:30,007 INFO [http-nio-8080-exec-1] i.l.c.KqueueProvider [KqueueProvider.java:70] Starting without optional kqueue library
2022-02-16 10:35:30,630 INFO [http-nio-8080-exec-1] c.z.h.HikariDataSource [HikariDataSource.java:110] HikariPool-1 - Starting...
2022-02-16 10:35:31,339 INFO [http-nio-8080-exec-1] c.z.h.HikariDataSource [HikariDataSource.java:123] HikariPool-1 - Start completed.
2022-02-16 14:33:53,952 INFO [restartedMain] c.g.a.AlumniApplication [StartupInfoLogger.java:50] Starting AlumniApplication on DESKTOP-MS39Q40 with PID 6620 (D:\Code\IdeaProjects\alumni\target\classes started by Administrator in D:\Code\IdeaProjects\alumni)
2022-02-16 14:33:53,968 INFO [restartedMain] c.g.a.AlumniApplication [SpringApplication.java:646] No active profile set, falling back to default profiles: default
2022-02-16 14:33:54,046 INFO [restartedMain] o.s.b.d.e.DevToolsPropertyDefaultsPostProcessor [DeferredLog.java:225] Devtools property defaults active! Set 'spring.devtools.add-properties' to 'false' to disable
2022-02-16 14:33:54,046 INFO [restartedMain] o.s.b.d.e.DevToolsPropertyDefaultsPostProcessor [DeferredLog.java:225] For additional web related logging consider setting the 'logging.level.web' property to 'DEBUG'
2022-02-16 14:33:55,249 INFO [restartedMain] o.s.d.r.c.RepositoryConfigurationDelegate [RepositoryConfigurationDelegate.java:244] Multiple Spring Data modules found, entering strict repository configuration mode!
2022-02-16 14:33:55,249 INFO [restartedMain] o.s.d.r.c.RepositoryConfigurationDelegate [RepositoryConfigurationDelegate.java:126] Bootstrapping Spring Data repositories in DEFAULT mode.
2022-02-16 14:33:55,280 INFO [restartedMain] o.s.d.r.c.RepositoryConfigurationDelegate [RepositoryConfigurationDelegate.java:182] Finished Spring Data repository scanning in 15ms. Found 0 repository interfaces.
2022-02-16 14:33:55,577 INFO [restartedMain] o.s.c.s.PostProcessorRegistrationDelegate$BeanPostProcessorChecker [PostProcessorRegistrationDelegate.java:330] Bean 'org.springframework.transaction.annotation.ProxyTransactionManagementConfiguration' of type [org.springframework.transaction.annotation.ProxyTransactionManagementConfiguration$$EnhancerBySpringCGLIB$$1097c629] is not eligible for getting processed by all BeanPostProcessors (for example: not eligible for auto-proxying)
2022-02-16 14:33:56,130 INFO [restartedMain] o.s.b.w.e.t.TomcatWebServer [TomcatWebServer.java:90] Tomcat initialized with port(s): 8080 (http)
2022-02-16 14:33:56,161 INFO [restartedMain] o.a.c.h.Http11NioProtocol [DirectJDKLog.java:173] Initializing ProtocolHandler ["http-nio-8080"]
2022-02-16 14:33:56,161 INFO [restartedMain] o.a.c.c.StandardService [DirectJDKLog.java:173] Starting service [Tomcat]
2022-02-16 14:33:56,161 INFO [restartedMain] o.a.c.c.StandardEngine [DirectJDKLog.java:173] Starting Servlet engine: [Apache Tomcat/9.0.21]
2022-02-16 14:33:56,255 INFO [restartedMain] o.a.c.c.C.[.[.[/alumni] [DirectJDKLog.java:173] Initializing Spring embedded WebApplicationContext
2022-02-16 14:33:56,255 INFO [restartedMain] o.s.w.c.ContextLoader [ServletWebServerApplicationContext.java:283] Root WebApplicationContext: initialization completed in 2209 ms
2022-02-16 14:33:57,380 INFO [restartedMain] o.s.b.a.s.s.UserDetailsServiceAutoConfiguration [UserDetailsServiceAutoConfiguration.java:82] 

Using generated security password: 238ec97f-6bba-432c-a299-8ad299365192

2022-02-16 14:33:57,458 INFO [restartedMain] o.s.s.w.DefaultSecurityFilterChain [DefaultSecurityFilterChain.java:43] Creating filter chain: Ant [pattern='/resources/**'], []
2022-02-16 14:33:57,489 INFO [restartedMain] o.s.s.w.DefaultSecurityFilterChain [DefaultSecurityFilterChain.java:43] Creating filter chain: any request, [org.springframework.security.web.context.request.async.WebAsyncManagerIntegrationFilter@14a3c34e, org.springframework.security.web.context.SecurityContextPersistenceFilter@74fc9245, org.springframework.security.web.header.HeaderWriterFilter@386de0d5, org.springframework.security.web.authentication.logout.LogoutFilter@41aea61, org.springframework.security.web.savedrequest.RequestCacheAwareFilter@3144cc3f, org.springframework.security.web.servletapi.SecurityContextHolderAwareRequestFilter@6b712af1, org.springframework.security.web.authentication.AnonymousAuthenticationFilter@6ce4e395, org.springframework.security.web.session.SessionManagementFilter@9aa8be1, org.springframework.security.web.access.ExceptionTranslationFilter@7b675051, org.springframework.security.web.access.intercept.FilterSecurityInterceptor@5dca24fc]
2022-02-16 14:33:57,676 INFO [restartedMain] o.s.s.c.ThreadPoolTaskExecutor [ExecutorConfigurationSupport.java:171] Initializing ExecutorService 'applicationTaskExecutor'
2022-02-16 14:33:57,755 INFO [restartedMain] o.s.b.a.w.s.WelcomePageHandlerMapping [WelcomePageHandlerMapping.java:58] Adding welcome page template: index
2022-02-16 14:33:58,083 INFO [restartedMain] o.s.b.d.a.OptionalLiveReloadServer [OptionalLiveReloadServer.java:57] LiveReload server is running on port 35729
2022-02-16 14:33:58,098 INFO [restartedMain] o.a.c.h.Http11NioProtocol [DirectJDKLog.java:173] Starting ProtocolHandler ["http-nio-8080"]
2022-02-16 14:33:58,114 INFO [restartedMain] o.s.b.w.e.t.TomcatWebServer [TomcatWebServer.java:202] Tomcat started on port(s): 8080 (http) with context path '/alumni'
2022-02-16 14:33:58,114 INFO [restartedMain] c.g.a.AlumniApplication [StartupInfoLogger.java:59] Started AlumniApplication in 4.755 seconds (JVM running for 5.91)
2022-02-16 14:34:09,570 INFO [http-nio-8080-exec-1] o.a.c.c.C.[.[.[/alumni] [DirectJDKLog.java:173] Initializing Spring DispatcherServlet 'dispatcherServlet'
2022-02-16 14:34:09,570 INFO [http-nio-8080-exec-1] o.s.w.s.DispatcherServlet [FrameworkServlet.java:524] Initializing Servlet 'dispatcherServlet'
2022-02-16 14:34:09,570 INFO [http-nio-8080-exec-1] o.s.w.s.DispatcherServlet [FrameworkServlet.java:546] Completed initialization in 0 ms
2022-02-16 14:34:09,805 INFO [http-nio-8080-exec-1] i.l.c.EpollProvider [EpollProvider.java:68] Starting without optional epoll library
2022-02-16 14:34:09,805 INFO [http-nio-8080-exec-1] i.l.c.KqueueProvider [KqueueProvider.java:70] Starting without optional kqueue library
2022-02-16 14:34:10,589 INFO [http-nio-8080-exec-1] c.z.h.HikariDataSource [HikariDataSource.java:110] HikariPool-1 - Starting...
2022-02-16 14:34:11,134 INFO [http-nio-8080-exec-1] c.z.h.HikariDataSource [HikariDataSource.java:123] HikariPool-1 - Start completed.
2022-02-16 14:41:34,861 INFO [restartedMain] c.g.a.AlumniApplication [StartupInfoLogger.java:50] Starting AlumniApplication on DESKTOP-MS39Q40 with PID 11876 (D:\Code\IdeaProjects\alumni\target\classes started by Administrator in D:\Code\IdeaProjects\alumni)
2022-02-16 14:41:34,863 INFO [restartedMain] c.g.a.AlumniApplication [SpringApplication.java:646] No active profile set, falling back to default profiles: default
2022-02-16 14:41:34,890 INFO [restartedMain] o.s.b.d.e.DevToolsPropertyDefaultsPostProcessor [DeferredLog.java:225] Devtools property defaults active! Set 'spring.devtools.add-properties' to 'false' to disable
2022-02-16 14:41:34,891 INFO [restartedMain] o.s.b.d.e.DevToolsPropertyDefaultsPostProcessor [DeferredLog.java:225] For additional web related logging consider setting the 'logging.level.web' property to 'DEBUG'
2022-02-16 14:41:35,419 INFO [restartedMain] o.s.d.r.c.RepositoryConfigurationDelegate [RepositoryConfigurationDelegate.java:244] Multiple Spring Data modules found, entering strict repository configuration mode!
2022-02-16 14:41:35,420 INFO [restartedMain] o.s.d.r.c.RepositoryConfigurationDelegate [RepositoryConfigurationDelegate.java:126] Bootstrapping Spring Data repositories in DEFAULT mode.
2022-02-16 14:41:35,438 INFO [restartedMain] o.s.d.r.c.RepositoryConfigurationDelegate [RepositoryConfigurationDelegate.java:182] Finished Spring Data repository scanning in 9ms. Found 0 repository interfaces.
2022-02-16 14:41:35,667 INFO [restartedMain] o.s.c.s.PostProcessorRegistrationDelegate$BeanPostProcessorChecker [PostProcessorRegistrationDelegate.java:330] Bean 'org.springframework.transaction.annotation.ProxyTransactionManagementConfiguration' of type [org.springframework.transaction.annotation.ProxyTransactionManagementConfiguration$$EnhancerBySpringCGLIB$$407bfddd] is not eligible for getting processed by all BeanPostProcessors (for example: not eligible for auto-proxying)
2022-02-16 14:41:35,855 INFO [restartedMain] o.s.b.w.e.t.TomcatWebServer [TomcatWebServer.java:90] Tomcat initialized with port(s): 8080 (http)
2022-02-16 14:41:35,870 INFO [restartedMain] o.a.c.h.Http11NioProtocol [DirectJDKLog.java:173] Initializing ProtocolHandler ["http-nio-8080"]
2022-02-16 14:41:35,870 INFO [restartedMain] o.a.c.c.StandardService [DirectJDKLog.java:173] Starting service [Tomcat]
2022-02-16 14:41:35,870 INFO [restartedMain] o.a.c.c.StandardEngine [DirectJDKLog.java:173] Starting Servlet engine: [Apache Tomcat/9.0.21]
2022-02-16 14:41:35,957 INFO [restartedMain] o.a.c.c.C.[.[.[/alumni] [DirectJDKLog.java:173] Initializing Spring embedded WebApplicationContext
2022-02-16 14:41:35,957 INFO [restartedMain] o.s.w.c.ContextLoader [ServletWebServerApplicationContext.java:283] Root WebApplicationContext: initialization completed in 1066 ms
2022-02-16 14:41:36,468 INFO [restartedMain] o.s.b.a.s.s.UserDetailsServiceAutoConfiguration [UserDetailsServiceAutoConfiguration.java:82] 

Using generated security password: d5f9e602-f4ea-400a-b234-29fa13ebb575

2022-02-16 14:41:36,499 INFO [restartedMain] o.s.s.w.DefaultSecurityFilterChain [DefaultSecurityFilterChain.java:43] Creating filter chain: Ant [pattern='/resources/**'], []
2022-02-16 14:41:36,515 INFO [restartedMain] o.s.s.w.DefaultSecurityFilterChain [DefaultSecurityFilterChain.java:43] Creating filter chain: any request, [org.springframework.security.web.context.request.async.WebAsyncManagerIntegrationFilter@fb03b85, org.springframework.security.web.context.SecurityContextPersistenceFilter@111476ce, org.springframework.security.web.header.HeaderWriterFilter@749782c6, org.springframework.security.web.authentication.logout.LogoutFilter@5963026c, org.springframework.security.web.savedrequest.RequestCacheAwareFilter@1061d901, org.springframework.security.web.servletapi.SecurityContextHolderAwareRequestFilter@56b6ed17, org.springframework.security.web.authentication.AnonymousAuthenticationFilter@4a105c1b, org.springframework.security.web.session.SessionManagementFilter@23b4453d, org.springframework.security.web.access.ExceptionTranslationFilter@4102e6b7, org.springframework.security.web.access.intercept.FilterSecurityInterceptor@75f6643c]
2022-02-16 14:41:36,608 INFO [restartedMain] o.s.s.c.ThreadPoolTaskExecutor [ExecutorConfigurationSupport.java:171] Initializing ExecutorService 'applicationTaskExecutor'
2022-02-16 14:41:36,671 INFO [restartedMain] o.s.b.a.w.s.WelcomePageHandlerMapping [WelcomePageHandlerMapping.java:58] Adding welcome page template: index
2022-02-16 14:41:36,843 INFO [restartedMain] o.s.b.d.a.OptionalLiveReloadServer [OptionalLiveReloadServer.java:57] LiveReload server is running on port 35729
2022-02-16 14:41:36,858 INFO [restartedMain] o.a.c.h.Http11NioProtocol [DirectJDKLog.java:173] Starting ProtocolHandler ["http-nio-8080"]
2022-02-16 14:41:36,890 INFO [restartedMain] o.s.b.w.e.t.TomcatWebServer [TomcatWebServer.java:202] Tomcat started on port(s): 8080 (http) with context path '/alumni'
2022-02-16 14:41:36,890 INFO [restartedMain] c.g.a.AlumniApplication [StartupInfoLogger.java:59] Started AlumniApplication in 2.295 seconds (JVM running for 2.946)
2022-02-16 14:41:46,153 INFO [http-nio-8080-exec-1] o.a.c.c.C.[.[.[/alumni] [DirectJDKLog.java:173] Initializing Spring DispatcherServlet 'dispatcherServlet'
2022-02-16 14:41:46,153 INFO [http-nio-8080-exec-1] o.s.w.s.DispatcherServlet [FrameworkServlet.java:524] Initializing Servlet 'dispatcherServlet'
2022-02-16 14:41:46,159 INFO [http-nio-8080-exec-1] o.s.w.s.DispatcherServlet [FrameworkServlet.java:546] Completed initialization in 6 ms
2022-02-16 14:41:46,245 INFO [http-nio-8080-exec-1] i.l.c.EpollProvider [EpollProvider.java:68] Starting without optional epoll library
2022-02-16 14:41:46,246 INFO [http-nio-8080-exec-1] i.l.c.KqueueProvider [KqueueProvider.java:70] Starting without optional kqueue library
2022-02-16 14:41:46,862 INFO [http-nio-8080-exec-1] c.z.h.HikariDataSource [HikariDataSource.java:110] HikariPool-1 - Starting...
2022-02-16 14:41:47,300 INFO [http-nio-8080-exec-1] c.z.h.HikariDataSource [HikariDataSource.java:123] HikariPool-1 - Start completed.
2022-02-16 14:43:01,618 INFO [restartedMain] c.g.a.AlumniApplication [StartupInfoLogger.java:50] Starting AlumniApplication on DESKTOP-MS39Q40 with PID 2396 (D:\Code\IdeaProjects\alumni\target\classes started by Administrator in D:\Code\IdeaProjects\alumni)
2022-02-16 14:43:01,618 INFO [restartedMain] c.g.a.AlumniApplication [SpringApplication.java:646] No active profile set, falling back to default profiles: default
2022-02-16 14:43:01,650 INFO [restartedMain] o.s.b.d.e.DevToolsPropertyDefaultsPostProcessor [DeferredLog.java:225] Devtools property defaults active! Set 'spring.devtools.add-properties' to 'false' to disable
2022-02-16 14:43:01,650 INFO [restartedMain] o.s.b.d.e.DevToolsPropertyDefaultsPostProcessor [DeferredLog.java:225] For additional web related logging consider setting the 'logging.level.web' property to 'DEBUG'
2022-02-16 14:43:02,150 INFO [restartedMain] o.s.d.r.c.RepositoryConfigurationDelegate [RepositoryConfigurationDelegate.java:244] Multiple Spring Data modules found, entering strict repository configuration mode!
2022-02-16 14:43:02,150 INFO [restartedMain] o.s.d.r.c.RepositoryConfigurationDelegate [RepositoryConfigurationDelegate.java:126] Bootstrapping Spring Data repositories in DEFAULT mode.
2022-02-16 14:43:02,165 INFO [restartedMain] o.s.d.r.c.RepositoryConfigurationDelegate [RepositoryConfigurationDelegate.java:182] Finished Spring Data repository scanning in 15ms. Found 0 repository interfaces.
2022-02-16 14:43:02,384 INFO [restartedMain] o.s.c.s.PostProcessorRegistrationDelegate$BeanPostProcessorChecker [PostProcessorRegistrationDelegate.java:330] Bean 'org.springframework.transaction.annotation.ProxyTransactionManagementConfiguration' of type [org.springframework.transaction.annotation.ProxyTransactionManagementConfiguration$$EnhancerBySpringCGLIB$$8c9706bb] is not eligible for getting processed by all BeanPostProcessors (for example: not eligible for auto-proxying)
2022-02-16 14:43:02,603 INFO [restartedMain] o.s.b.w.e.t.TomcatWebServer [TomcatWebServer.java:90] Tomcat initialized with port(s): 8080 (http)
2022-02-16 14:43:02,618 INFO [restartedMain] o.a.c.h.Http11NioProtocol [DirectJDKLog.java:173] Initializing ProtocolHandler ["http-nio-8080"]
2022-02-16 14:43:02,618 INFO [restartedMain] o.a.c.c.StandardService [DirectJDKLog.java:173] Starting service [Tomcat]
2022-02-16 14:43:02,618 INFO [restartedMain] o.a.c.c.StandardEngine [DirectJDKLog.java:173] Starting Servlet engine: [Apache Tomcat/9.0.21]
2022-02-16 14:43:02,696 INFO [restartedMain] o.a.c.c.C.[.[.[/alumni] [DirectJDKLog.java:173] Initializing Spring embedded WebApplicationContext
2022-02-16 14:43:02,696 INFO [restartedMain] o.s.w.c.ContextLoader [ServletWebServerApplicationContext.java:283] Root WebApplicationContext: initialization completed in 1046 ms
2022-02-16 14:43:03,196 INFO [restartedMain] o.s.b.a.s.s.UserDetailsServiceAutoConfiguration [UserDetailsServiceAutoConfiguration.java:82] 

Using generated security password: 5b01ae69-9194-4b87-b4a5-6e818722de6d

2022-02-16 14:43:03,228 INFO [restartedMain] o.s.s.w.DefaultSecurityFilterChain [DefaultSecurityFilterChain.java:43] Creating filter chain: Ant [pattern='/resources/**'], []
2022-02-16 14:43:03,243 INFO [restartedMain] o.s.s.w.DefaultSecurityFilterChain [DefaultSecurityFilterChain.java:43] Creating filter chain: any request, [org.springframework.security.web.context.request.async.WebAsyncManagerIntegrationFilter@377b9344, org.springframework.security.web.context.SecurityContextPersistenceFilter@7b2e4ef8, org.springframework.security.web.header.HeaderWriterFilter@73ccd433, org.springframework.security.web.authentication.logout.LogoutFilter@22664da8, org.springframework.security.web.savedrequest.RequestCacheAwareFilter@3572dd41, org.springframework.security.web.servletapi.SecurityContextHolderAwareRequestFilter@26aca0e1, org.springframework.security.web.authentication.AnonymousAuthenticationFilter@d25f012, org.springframework.security.web.session.SessionManagementFilter@7a14e21a, org.springframework.security.web.access.ExceptionTranslationFilter@747cd3fd, org.springframework.security.web.access.intercept.FilterSecurityInterceptor@f1c39db]
2022-02-16 14:43:03,337 INFO [restartedMain] o.s.s.c.ThreadPoolTaskExecutor [ExecutorConfigurationSupport.java:171] Initializing ExecutorService 'applicationTaskExecutor'
2022-02-16 14:43:03,399 INFO [restartedMain] o.s.b.a.w.s.WelcomePageHandlerMapping [WelcomePageHandlerMapping.java:58] Adding welcome page template: index
2022-02-16 14:43:03,571 INFO [restartedMain] o.s.b.d.a.OptionalLiveReloadServer [OptionalLiveReloadServer.java:57] LiveReload server is running on port 35729
2022-02-16 14:43:03,587 INFO [restartedMain] o.a.c.h.Http11NioProtocol [DirectJDKLog.java:173] Starting ProtocolHandler ["http-nio-8080"]
2022-02-16 14:43:03,602 INFO [restartedMain] o.s.b.w.e.t.TomcatWebServer [TomcatWebServer.java:202] Tomcat started on port(s): 8080 (http) with context path '/alumni'
2022-02-16 14:43:03,602 INFO [restartedMain] c.g.a.AlumniApplication [StartupInfoLogger.java:59] Started AlumniApplication in 2.24 seconds (JVM running for 2.838)
2022-02-16 14:43:07,721 INFO [http-nio-8080-exec-1] o.a.c.c.C.[.[.[/alumni] [DirectJDKLog.java:173] Initializing Spring DispatcherServlet 'dispatcherServlet'
2022-02-16 14:43:07,721 INFO [http-nio-8080-exec-1] o.s.w.s.DispatcherServlet [FrameworkServlet.java:524] Initializing Servlet 'dispatcherServlet'
2022-02-16 14:43:07,726 INFO [http-nio-8080-exec-1] o.s.w.s.DispatcherServlet [FrameworkServlet.java:546] Completed initialization in 5 ms
2022-02-16 14:43:07,820 INFO [http-nio-8080-exec-1] i.l.c.EpollProvider [EpollProvider.java:68] Starting without optional epoll library
2022-02-16 14:43:07,821 INFO [http-nio-8080-exec-1] i.l.c.KqueueProvider [KqueueProvider.java:70] Starting without optional kqueue library
2022-02-16 14:43:08,446 INFO [http-nio-8080-exec-1] c.z.h.HikariDataSource [HikariDataSource.java:110] HikariPool-1 - Starting...
2022-02-16 14:43:08,891 INFO [http-nio-8080-exec-1] c.z.h.HikariDataSource [HikariDataSource.java:123] HikariPool-1 - Start completed.
