2022-02-17 16:54:21,620 INFO [restartedMain] c.g.a.AlumniApplication [StartupInfoLogger.java:50] Starting AlumniApplication on DESKTOP-MS39Q40 with PID 4628 (D:\Code\IdeaProjects\alumni\target\classes started by Administrator in D:\Code\IdeaProjects\alumni)
2022-02-17 16:54:21,620 INFO [restartedMain] c.g.a.AlumniApplication [SpringApplication.java:646] No active profile set, falling back to default profiles: default
2022-02-17 16:54:21,667 INFO [restartedMain] o.s.b.d.e.DevToolsPropertyDefaultsPostProcessor [DeferredLog.java:225] Devtools property defaults active! Set 'spring.devtools.add-properties' to 'false' to disable
2022-02-17 16:54:21,667 INFO [restartedMain] o.s.b.d.e.DevToolsPropertyDefaultsPostProcessor [DeferredLog.java:225] For additional web related logging consider setting the 'logging.level.web' property to 'DEBUG'
2022-02-17 16:54:22,969 INFO [restartedMain] o.s.d.r.c.RepositoryConfigurationDelegate [RepositoryConfigurationDelegate.java:244] Multiple Spring Data modules found, entering strict repository configuration mode!
2022-02-17 16:54:22,969 INFO [restartedMain] o.s.d.r.c.RepositoryConfigurationDelegate [RepositoryConfigurationDelegate.java:126] Bootstrapping Spring Data repositories in DEFAULT mode.
2022-02-17 16:54:23,001 INFO [restartedMain] o.s.d.r.c.RepositoryConfigurationDelegate [RepositoryConfigurationDelegate.java:182] Finished Spring Data repository scanning in 0ms. Found 0 repository interfaces.
2022-02-17 16:54:23,297 INFO [restartedMain] o.s.c.s.PostProcessorRegistrationDelegate$BeanPostProcessorChecker [PostProcessorRegistrationDelegate.java:330] Bean 'org.springframework.transaction.annotation.ProxyTransactionManagementConfiguration' of type [org.springframework.transaction.annotation.ProxyTransactionManagementConfiguration$$EnhancerBySpringCGLIB$$8fdac991] is not eligible for getting processed by all BeanPostProcessors (for example: not eligible for auto-proxying)
2022-02-17 16:54:23,547 INFO [restartedMain] o.s.b.w.e.t.TomcatWebServer [TomcatWebServer.java:90] Tomcat initialized with port(s): 8080 (http)
2022-02-17 16:54:23,704 INFO [restartedMain] o.a.c.h.Http11NioProtocol [DirectJDKLog.java:173] Initializing ProtocolHandler ["http-nio-8080"]
2022-02-17 16:54:23,704 INFO [restartedMain] o.a.c.c.StandardService [DirectJDKLog.java:173] Starting service [Tomcat]
2022-02-17 16:54:23,704 INFO [restartedMain] o.a.c.c.StandardEngine [DirectJDKLog.java:173] Starting Servlet engine: [Apache Tomcat/9.0.21]
2022-02-17 16:54:23,797 INFO [restartedMain] o.a.c.c.C.[.[.[/alumni] [DirectJDKLog.java:173] Initializing Spring embedded WebApplicationContext
2022-02-17 16:54:23,797 INFO [restartedMain] o.s.w.c.ContextLoader [ServletWebServerApplicationContext.java:283] Root WebApplicationContext: initialization completed in 2130 ms
2022-02-17 16:54:24,594 INFO [restartedMain] o.s.b.a.s.s.UserDetailsServiceAutoConfiguration [UserDetailsServiceAutoConfiguration.java:82] 

Using generated security password: efe2bbc0-5efa-47a0-9b2f-f57baff29f36

2022-02-17 16:54:24,672 INFO [restartedMain] o.s.s.w.DefaultSecurityFilterChain [DefaultSecurityFilterChain.java:43] Creating filter chain: Ant [pattern='/resources/**'], []
2022-02-17 16:54:24,703 INFO [restartedMain] o.s.s.w.DefaultSecurityFilterChain [DefaultSecurityFilterChain.java:43] Creating filter chain: any request, [org.springframework.security.web.context.request.async.WebAsyncManagerIntegrationFilter@65c596ba, org.springframework.security.web.context.SecurityContextPersistenceFilter@6c392262, org.springframework.security.web.header.HeaderWriterFilter@5dd7b973, org.springframework.security.web.authentication.logout.LogoutFilter@1b0e46e8, org.springframework.security.web.savedrequest.RequestCacheAwareFilter@562332f0, org.springframework.security.web.servletapi.SecurityContextHolderAwareRequestFilter@131aed92, org.springframework.security.web.authentication.AnonymousAuthenticationFilter@5979d634, org.springframework.security.web.session.SessionManagementFilter@6d7ec268, org.springframework.security.web.access.ExceptionTranslationFilter@7e3abd5d, org.springframework.security.web.access.intercept.FilterSecurityInterceptor@3128165]
2022-02-17 16:54:24,797 INFO [restartedMain] o.s.s.c.ThreadPoolTaskExecutor [ExecutorConfigurationSupport.java:171] Initializing ExecutorService 'applicationTaskExecutor'
2022-02-17 16:54:24,891 INFO [restartedMain] o.s.b.a.w.s.WelcomePageHandlerMapping [WelcomePageHandlerMapping.java:58] Adding welcome page template: index
2022-02-17 16:54:25,250 INFO [restartedMain] o.s.b.d.a.OptionalLiveReloadServer [OptionalLiveReloadServer.java:57] LiveReload server is running on port 35729
2022-02-17 16:54:25,281 INFO [restartedMain] o.a.c.h.Http11NioProtocol [DirectJDKLog.java:173] Starting ProtocolHandler ["http-nio-8080"]
2022-02-17 16:54:25,297 INFO [restartedMain] o.s.b.w.e.t.TomcatWebServer [TomcatWebServer.java:202] Tomcat started on port(s): 8080 (http) with context path '/alumni'
2022-02-17 16:54:25,297 INFO [restartedMain] c.g.a.AlumniApplication [StartupInfoLogger.java:59] Started AlumniApplication in 4.286 seconds (JVM running for 5.219)
2022-02-17 16:54:33,393 INFO [http-nio-8080-exec-1] o.a.c.c.C.[.[.[/alumni] [DirectJDKLog.java:173] Initializing Spring DispatcherServlet 'dispatcherServlet'
2022-02-17 16:54:33,394 INFO [http-nio-8080-exec-1] o.s.w.s.DispatcherServlet [FrameworkServlet.java:524] Initializing Servlet 'dispatcherServlet'
2022-02-17 16:54:33,399 INFO [http-nio-8080-exec-1] o.s.w.s.DispatcherServlet [FrameworkServlet.java:546] Completed initialization in 5 ms
2022-02-17 16:54:39,100 INFO [http-nio-8080-exec-5] i.l.c.EpollProvider [EpollProvider.java:68] Starting without optional epoll library
2022-02-17 16:54:39,102 INFO [http-nio-8080-exec-5] i.l.c.KqueueProvider [KqueueProvider.java:70] Starting without optional kqueue library
2022-02-17 16:55:56,751 INFO [http-nio-8080-exec-1] c.z.h.HikariDataSource [HikariDataSource.java:110] HikariPool-1 - Starting...
2022-02-17 16:55:57,267 INFO [http-nio-8080-exec-1] c.z.h.HikariDataSource [HikariDataSource.java:123] HikariPool-1 - Start completed.
2022-02-17 16:58:56,774 INFO [restartedMain] c.g.a.AlumniApplication [StartupInfoLogger.java:50] Starting AlumniApplication on DESKTOP-MS39Q40 with PID 11488 (D:\Code\IdeaProjects\alumni\target\classes started by Administrator in D:\Code\IdeaProjects\alumni)
2022-02-17 16:58:56,790 INFO [restartedMain] c.g.a.AlumniApplication [SpringApplication.java:646] No active profile set, falling back to default profiles: default
2022-02-17 16:58:56,806 INFO [restartedMain] o.s.b.d.e.DevToolsPropertyDefaultsPostProcessor [DeferredLog.java:225] Devtools property defaults active! Set 'spring.devtools.add-properties' to 'false' to disable
2022-02-17 16:58:56,806 INFO [restartedMain] o.s.b.d.e.DevToolsPropertyDefaultsPostProcessor [DeferredLog.java:225] For additional web related logging consider setting the 'logging.level.web' property to 'DEBUG'
2022-02-17 16:58:57,353 INFO [restartedMain] o.s.d.r.c.RepositoryConfigurationDelegate [RepositoryConfigurationDelegate.java:244] Multiple Spring Data modules found, entering strict repository configuration mode!
2022-02-17 16:58:57,353 INFO [restartedMain] o.s.d.r.c.RepositoryConfigurationDelegate [RepositoryConfigurationDelegate.java:126] Bootstrapping Spring Data repositories in DEFAULT mode.
2022-02-17 16:58:57,368 INFO [restartedMain] o.s.d.r.c.RepositoryConfigurationDelegate [RepositoryConfigurationDelegate.java:182] Finished Spring Data repository scanning in 0ms. Found 0 repository interfaces.
2022-02-17 16:58:57,618 INFO [restartedMain] o.s.c.s.PostProcessorRegistrationDelegate$BeanPostProcessorChecker [PostProcessorRegistrationDelegate.java:330] Bean 'org.springframework.transaction.annotation.ProxyTransactionManagementConfiguration' of type [org.springframework.transaction.annotation.ProxyTransactionManagementConfiguration$$EnhancerBySpringCGLIB$$708a99f5] is not eligible for getting processed by all BeanPostProcessors (for example: not eligible for auto-proxying)
2022-02-17 16:58:57,856 INFO [restartedMain] o.s.b.w.e.t.TomcatWebServer [TomcatWebServer.java:90] Tomcat initialized with port(s): 8080 (http)
2022-02-17 16:58:57,856 INFO [restartedMain] o.a.c.h.Http11NioProtocol [DirectJDKLog.java:173] Initializing ProtocolHandler ["http-nio-8080"]
2022-02-17 16:58:57,872 INFO [restartedMain] o.a.c.c.StandardService [DirectJDKLog.java:173] Starting service [Tomcat]
2022-02-17 16:58:57,872 INFO [restartedMain] o.a.c.c.StandardEngine [DirectJDKLog.java:173] Starting Servlet engine: [Apache Tomcat/9.0.21]
2022-02-17 16:58:57,948 INFO [restartedMain] o.a.c.c.C.[.[.[/alumni] [DirectJDKLog.java:173] Initializing Spring embedded WebApplicationContext
2022-02-17 16:58:57,948 INFO [restartedMain] o.s.w.c.ContextLoader [ServletWebServerApplicationContext.java:283] Root WebApplicationContext: initialization completed in 1142 ms
2022-02-17 16:58:58,547 INFO [restartedMain] o.s.b.a.s.s.UserDetailsServiceAutoConfiguration [UserDetailsServiceAutoConfiguration.java:82] 

Using generated security password: 1f4eb9ae-32b6-4878-b27e-093ac3e873a4

2022-02-17 16:58:58,582 INFO [restartedMain] o.s.s.w.DefaultSecurityFilterChain [DefaultSecurityFilterChain.java:43] Creating filter chain: Ant [pattern='/resources/**'], []
2022-02-17 16:58:58,604 INFO [restartedMain] o.s.s.w.DefaultSecurityFilterChain [DefaultSecurityFilterChain.java:43] Creating filter chain: any request, [org.springframework.security.web.context.request.async.WebAsyncManagerIntegrationFilter@29db75fc, org.springframework.security.web.context.SecurityContextPersistenceFilter@65310dc9, org.springframework.security.web.header.HeaderWriterFilter@665d4773, org.springframework.security.web.authentication.logout.LogoutFilter@3796f261, org.springframework.security.web.savedrequest.RequestCacheAwareFilter@f3fd473, org.springframework.security.web.servletapi.SecurityContextHolderAwareRequestFilter@5c7aeac2, org.springframework.security.web.authentication.AnonymousAuthenticationFilter@69531292, org.springframework.security.web.session.SessionManagementFilter@25340502, org.springframework.security.web.access.ExceptionTranslationFilter@6d375402, org.springframework.security.web.access.intercept.FilterSecurityInterceptor@5ecc1ced]
2022-02-17 16:58:58,704 INFO [restartedMain] o.s.s.c.ThreadPoolTaskExecutor [ExecutorConfigurationSupport.java:171] Initializing ExecutorService 'applicationTaskExecutor'
2022-02-17 16:58:58,791 INFO [restartedMain] o.s.b.a.w.s.WelcomePageHandlerMapping [WelcomePageHandlerMapping.java:58] Adding welcome page template: index
2022-02-17 16:58:58,977 INFO [restartedMain] o.s.b.d.a.OptionalLiveReloadServer [OptionalLiveReloadServer.java:57] LiveReload server is running on port 35729
2022-02-17 16:58:59,001 INFO [restartedMain] o.a.c.h.Http11NioProtocol [DirectJDKLog.java:173] Starting ProtocolHandler ["http-nio-8080"]
2022-02-17 16:58:59,017 INFO [restartedMain] o.s.b.w.e.t.TomcatWebServer [TomcatWebServer.java:202] Tomcat started on port(s): 8080 (http) with context path '/alumni'
2022-02-17 16:58:59,017 INFO [restartedMain] c.g.a.AlumniApplication [StartupInfoLogger.java:59] Started AlumniApplication in 2.539 seconds (JVM running for 3.164)
2022-02-17 16:59:07,798 INFO [http-nio-8080-exec-1] o.a.c.c.C.[.[.[/alumni] [DirectJDKLog.java:173] Initializing Spring DispatcherServlet 'dispatcherServlet'
2022-02-17 16:59:07,798 INFO [http-nio-8080-exec-1] o.s.w.s.DispatcherServlet [FrameworkServlet.java:524] Initializing Servlet 'dispatcherServlet'
2022-02-17 16:59:07,803 INFO [http-nio-8080-exec-1] o.s.w.s.DispatcherServlet [FrameworkServlet.java:546] Completed initialization in 5 ms
2022-02-17 16:59:07,887 INFO [http-nio-8080-exec-1] i.l.c.EpollProvider [EpollProvider.java:68] Starting without optional epoll library
2022-02-17 16:59:07,888 INFO [http-nio-8080-exec-1] i.l.c.KqueueProvider [KqueueProvider.java:70] Starting without optional kqueue library
2022-02-17 16:59:08,524 INFO [http-nio-8080-exec-1] c.z.h.HikariDataSource [HikariDataSource.java:110] HikariPool-1 - Starting...
2022-02-17 16:59:08,891 INFO [http-nio-8080-exec-1] c.z.h.HikariDataSource [HikariDataSource.java:123] HikariPool-1 - Start completed.
2022-02-17 17:03:43,465 INFO [restartedMain] c.g.a.AlumniApplication [StartupInfoLogger.java:50] Starting AlumniApplication on DESKTOP-MS39Q40 with PID 3556 (D:\Code\IdeaProjects\alumni\target\classes started by Administrator in D:\Code\IdeaProjects\alumni)
2022-02-17 17:03:43,465 INFO [restartedMain] c.g.a.AlumniApplication [SpringApplication.java:646] No active profile set, falling back to default profiles: default
2022-02-17 17:03:43,496 INFO [restartedMain] o.s.b.d.e.DevToolsPropertyDefaultsPostProcessor [DeferredLog.java:225] Devtools property defaults active! Set 'spring.devtools.add-properties' to 'false' to disable
2022-02-17 17:03:43,496 INFO [restartedMain] o.s.b.d.e.DevToolsPropertyDefaultsPostProcessor [DeferredLog.java:225] For additional web related logging consider setting the 'logging.level.web' property to 'DEBUG'
2022-02-17 17:03:44,012 INFO [restartedMain] o.s.d.r.c.RepositoryConfigurationDelegate [RepositoryConfigurationDelegate.java:244] Multiple Spring Data modules found, entering strict repository configuration mode!
2022-02-17 17:03:44,012 INFO [restartedMain] o.s.d.r.c.RepositoryConfigurationDelegate [RepositoryConfigurationDelegate.java:126] Bootstrapping Spring Data repositories in DEFAULT mode.
2022-02-17 17:03:44,028 INFO [restartedMain] o.s.d.r.c.RepositoryConfigurationDelegate [RepositoryConfigurationDelegate.java:182] Finished Spring Data repository scanning in 0ms. Found 0 repository interfaces.
2022-02-17 17:03:44,262 INFO [restartedMain] o.s.c.s.PostProcessorRegistrationDelegate$BeanPostProcessorChecker [PostProcessorRegistrationDelegate.java:330] Bean 'org.springframework.transaction.annotation.ProxyTransactionManagementConfiguration' of type [org.springframework.transaction.annotation.ProxyTransactionManagementConfiguration$$EnhancerBySpringCGLIB$$2cb5167a] is not eligible for getting processed by all BeanPostProcessors (for example: not eligible for auto-proxying)
2022-02-17 17:03:44,465 INFO [restartedMain] o.s.b.w.e.t.TomcatWebServer [TomcatWebServer.java:90] Tomcat initialized with port(s): 8080 (http)
2022-02-17 17:03:44,481 INFO [restartedMain] o.a.c.h.Http11NioProtocol [DirectJDKLog.java:173] Initializing ProtocolHandler ["http-nio-8080"]
2022-02-17 17:03:44,481 INFO [restartedMain] o.a.c.c.StandardService [DirectJDKLog.java:173] Starting service [Tomcat]
2022-02-17 17:03:44,481 INFO [restartedMain] o.a.c.c.StandardEngine [DirectJDKLog.java:173] Starting Servlet engine: [Apache Tomcat/9.0.21]
2022-02-17 17:03:44,559 INFO [restartedMain] o.a.c.c.C.[.[.[/alumni] [DirectJDKLog.java:173] Initializing Spring embedded WebApplicationContext
2022-02-17 17:03:44,559 INFO [restartedMain] o.s.w.c.ContextLoader [ServletWebServerApplicationContext.java:283] Root WebApplicationContext: initialization completed in 1063 ms
2022-02-17 17:03:45,090 INFO [restartedMain] o.s.b.a.s.s.UserDetailsServiceAutoConfiguration [UserDetailsServiceAutoConfiguration.java:82] 

Using generated security password: dab56a23-581b-4cd4-b720-d70d00a67700

2022-02-17 17:03:45,121 INFO [restartedMain] o.s.s.w.DefaultSecurityFilterChain [DefaultSecurityFilterChain.java:43] Creating filter chain: Ant [pattern='/resources/**'], []
2022-02-17 17:03:45,137 INFO [restartedMain] o.s.s.w.DefaultSecurityFilterChain [DefaultSecurityFilterChain.java:43] Creating filter chain: any request, [org.springframework.security.web.context.request.async.WebAsyncManagerIntegrationFilter@430bc99e, org.springframework.security.web.context.SecurityContextPersistenceFilter@11f95401, org.springframework.security.web.header.HeaderWriterFilter@21fd2abc, org.springframework.security.web.authentication.logout.LogoutFilter@635c3a97, org.springframework.security.web.savedrequest.RequestCacheAwareFilter@54027ea1, org.springframework.security.web.servletapi.SecurityContextHolderAwareRequestFilter@34037ad, org.springframework.security.web.authentication.AnonymousAuthenticationFilter@49f28e2f, org.springframework.security.web.session.SessionManagementFilter@8ce2f6a, org.springframework.security.web.access.ExceptionTranslationFilter@44bc6f22, org.springframework.security.web.access.intercept.FilterSecurityInterceptor@7910d4ea]
2022-02-17 17:03:45,230 INFO [restartedMain] o.s.s.c.ThreadPoolTaskExecutor [ExecutorConfigurationSupport.java:171] Initializing ExecutorService 'applicationTaskExecutor'
2022-02-17 17:03:45,309 INFO [restartedMain] o.s.b.a.w.s.WelcomePageHandlerMapping [WelcomePageHandlerMapping.java:58] Adding welcome page template: index
2022-02-17 17:03:45,480 INFO [restartedMain] o.s.b.d.a.OptionalLiveReloadServer [OptionalLiveReloadServer.java:57] LiveReload server is running on port 35729
2022-02-17 17:03:45,496 INFO [restartedMain] o.a.c.h.Http11NioProtocol [DirectJDKLog.java:173] Starting ProtocolHandler ["http-nio-8080"]
2022-02-17 17:03:45,512 INFO [restartedMain] o.s.b.w.e.t.TomcatWebServer [TomcatWebServer.java:202] Tomcat started on port(s): 8080 (http) with context path '/alumni'
2022-02-17 17:03:45,527 INFO [restartedMain] c.g.a.AlumniApplication [StartupInfoLogger.java:59] Started AlumniApplication in 2.343 seconds (JVM running for 2.954)
2022-02-17 17:03:52,048 INFO [http-nio-8080-exec-1] o.a.c.c.C.[.[.[/alumni] [DirectJDKLog.java:173] Initializing Spring DispatcherServlet 'dispatcherServlet'
2022-02-17 17:03:52,049 INFO [http-nio-8080-exec-1] o.s.w.s.DispatcherServlet [FrameworkServlet.java:524] Initializing Servlet 'dispatcherServlet'
2022-02-17 17:03:52,053 INFO [http-nio-8080-exec-1] o.s.w.s.DispatcherServlet [FrameworkServlet.java:546] Completed initialization in 4 ms
2022-02-17 17:03:52,137 INFO [http-nio-8080-exec-1] i.l.c.EpollProvider [EpollProvider.java:68] Starting without optional epoll library
2022-02-17 17:03:52,138 INFO [http-nio-8080-exec-1] i.l.c.KqueueProvider [KqueueProvider.java:70] Starting without optional kqueue library
2022-02-17 17:03:52,759 INFO [http-nio-8080-exec-1] c.z.h.HikariDataSource [HikariDataSource.java:110] HikariPool-1 - Starting...
2022-02-17 17:03:53,153 INFO [http-nio-8080-exec-1] c.z.h.HikariDataSource [HikariDataSource.java:123] HikariPool-1 - Start completed.
