2022-02-23 10:07:53,336 INFO [restartedMain] c.g.a.AlumniApplication [StartupInfoLogger.java:50] Starting AlumniApplication on DESKTOP-MS39Q40 with PID 13832 (D:\Code\IdeaProjects\alumni\target\classes started by Administrator in D:\Code\IdeaProjects\alumni)
2022-02-23 10:07:53,346 INFO [restartedMain] c.g.a.AlumniApplication [SpringApplication.java:646] No active profile set, falling back to default profiles: default
2022-02-23 10:07:53,424 INFO [restartedMain] o.s.b.d.e.DevToolsPropertyDefaultsPostProcessor [DeferredLog.java:225] Devtools property defaults active! Set 'spring.devtools.add-properties' to 'false' to disable
2022-02-23 10:07:53,424 INFO [restartedMain] o.s.b.d.e.DevToolsPropertyDefaultsPostProcessor [DeferredLog.java:225] For additional web related logging consider setting the 'logging.level.web' property to 'DEBUG'
2022-02-23 10:07:55,011 INFO [restartedMain] o.s.d.r.c.RepositoryConfigurationDelegate [RepositoryConfigurationDelegate.java:244] Multiple Spring Data modules found, entering strict repository configuration mode!
2022-02-23 10:07:55,013 INFO [restartedMain] o.s.d.r.c.RepositoryConfigurationDelegate [RepositoryConfigurationDelegate.java:126] Bootstrapping Spring Data repositories in DEFAULT mode.
2022-02-23 10:07:55,043 INFO [restartedMain] o.s.d.r.c.RepositoryConfigurationDelegate [RepositoryConfigurationDelegate.java:182] Finished Spring Data repository scanning in 13ms. Found 0 repository interfaces.
2022-02-23 10:07:55,457 INFO [restartedMain] o.s.c.s.PostProcessorRegistrationDelegate$BeanPostProcessorChecker [PostProcessorRegistrationDelegate.java:330] Bean 'org.springframework.transaction.annotation.ProxyTransactionManagementConfiguration' of type [org.springframework.transaction.annotation.ProxyTransactionManagementConfiguration$$EnhancerBySpringCGLIB$$c8bfc47b] is not eligible for getting processed by all BeanPostProcessors (for example: not eligible for auto-proxying)
2022-02-23 10:07:55,883 INFO [restartedMain] o.s.b.w.e.t.TomcatWebServer [TomcatWebServer.java:90] Tomcat initialized with port(s): 8080 (http)
2022-02-23 10:07:55,901 INFO [restartedMain] o.a.c.h.Http11NioProtocol [DirectJDKLog.java:173] Initializing ProtocolHandler ["http-nio-8080"]
2022-02-23 10:07:55,923 INFO [restartedMain] o.a.c.c.StandardService [DirectJDKLog.java:173] Starting service [Tomcat]
2022-02-23 10:07:55,923 INFO [restartedMain] o.a.c.c.StandardEngine [DirectJDKLog.java:173] Starting Servlet engine: [Apache Tomcat/9.0.21]
2022-02-23 10:07:56,145 INFO [restartedMain] o.a.c.c.C.[.[.[/alumni] [DirectJDKLog.java:173] Initializing Spring embedded WebApplicationContext
2022-02-23 10:07:56,145 INFO [restartedMain] o.s.w.c.ContextLoader [ServletWebServerApplicationContext.java:283] Root WebApplicationContext: initialization completed in 2721 ms
2022-02-23 10:07:57,378 INFO [restartedMain] o.s.b.a.s.s.UserDetailsServiceAutoConfiguration [UserDetailsServiceAutoConfiguration.java:82] 

Using generated security password: f1e9e8ff-ce1e-4d35-bd77-85ed2c3c47dc

2022-02-23 10:07:57,431 INFO [restartedMain] o.s.s.w.DefaultSecurityFilterChain [DefaultSecurityFilterChain.java:43] Creating filter chain: Ant [pattern='/resources/**'], []
2022-02-23 10:07:57,454 INFO [restartedMain] o.s.s.w.DefaultSecurityFilterChain [DefaultSecurityFilterChain.java:43] Creating filter chain: any request, [org.springframework.security.web.context.request.async.WebAsyncManagerIntegrationFilter@1a800505, org.springframework.security.web.context.SecurityContextPersistenceFilter@13b394b1, org.springframework.security.web.header.HeaderWriterFilter@624bef90, org.springframework.security.web.authentication.logout.LogoutFilter@527e4537, org.springframework.security.web.savedrequest.RequestCacheAwareFilter@6be545ab, org.springframework.security.web.servletapi.SecurityContextHolderAwareRequestFilter@65ac4b7f, org.springframework.security.web.authentication.AnonymousAuthenticationFilter@77127380, org.springframework.security.web.session.SessionManagementFilter@17dffeba, org.springframework.security.web.access.ExceptionTranslationFilter@1ed6d937, org.springframework.security.web.access.intercept.FilterSecurityInterceptor@2a229891]
2022-02-23 10:07:57,570 INFO [restartedMain] o.s.s.c.ThreadPoolTaskExecutor [ExecutorConfigurationSupport.java:171] Initializing ExecutorService 'applicationTaskExecutor'
2022-02-23 10:07:57,659 INFO [restartedMain] o.s.b.a.w.s.WelcomePageHandlerMapping [WelcomePageHandlerMapping.java:58] Adding welcome page template: index
2022-02-23 10:07:57,929 INFO [restartedMain] o.s.b.d.a.OptionalLiveReloadServer [OptionalLiveReloadServer.java:57] LiveReload server is running on port 35729
2022-02-23 10:07:57,951 INFO [restartedMain] o.a.c.h.Http11NioProtocol [DirectJDKLog.java:173] Starting ProtocolHandler ["http-nio-8080"]
2022-02-23 10:07:57,970 INFO [restartedMain] o.s.b.w.e.t.TomcatWebServer [TomcatWebServer.java:202] Tomcat started on port(s): 8080 (http) with context path '/alumni'
2022-02-23 10:07:57,972 INFO [restartedMain] c.g.a.AlumniApplication [StartupInfoLogger.java:59] Started AlumniApplication in 5.126 seconds (JVM running for 6.548)
2022-02-23 10:08:12,218 INFO [http-nio-8080-exec-1] o.a.c.c.C.[.[.[/alumni] [DirectJDKLog.java:173] Initializing Spring DispatcherServlet 'dispatcherServlet'
2022-02-23 10:08:12,219 INFO [http-nio-8080-exec-1] o.s.w.s.DispatcherServlet [FrameworkServlet.java:524] Initializing Servlet 'dispatcherServlet'
2022-02-23 10:08:12,223 INFO [http-nio-8080-exec-1] o.s.w.s.DispatcherServlet [FrameworkServlet.java:546] Completed initialization in 4 ms
2022-02-23 10:09:12,236 INFO [http-nio-8080-exec-1] c.z.h.HikariDataSource [HikariDataSource.java:110] HikariPool-1 - Starting...
2022-02-23 10:09:12,918 INFO [http-nio-8080-exec-1] c.z.h.HikariDataSource [HikariDataSource.java:123] HikariPool-1 - Start completed.
2022-02-23 10:09:13,231 INFO [http-nio-8080-exec-1] i.l.c.EpollProvider [EpollProvider.java:68] Starting without optional epoll library
2022-02-23 10:09:13,232 INFO [http-nio-8080-exec-1] i.l.c.KqueueProvider [KqueueProvider.java:70] Starting without optional kqueue library
2022-02-23 10:17:08,079 INFO [Thread-16] o.s.s.c.ThreadPoolTaskExecutor [ExecutorConfigurationSupport.java:208] Shutting down ExecutorService 'applicationTaskExecutor'
2022-02-23 10:17:09,279 INFO [Thread-16] c.z.h.HikariDataSource [HikariDataSource.java:350] HikariPool-1 - Shutdown initiated...
2022-02-23 10:17:09,283 INFO [Thread-16] c.z.h.HikariDataSource [HikariDataSource.java:352] HikariPool-1 - Shutdown completed.
2022-02-23 10:17:09,707 INFO [restartedMain] c.g.a.AlumniApplication [StartupInfoLogger.java:50] Starting AlumniApplication on DESKTOP-MS39Q40 with PID 13832 (D:\Code\IdeaProjects\alumni\target\classes started by Administrator in D:\Code\IdeaProjects\alumni)
2022-02-23 10:17:09,708 INFO [restartedMain] c.g.a.AlumniApplication [SpringApplication.java:646] No active profile set, falling back to default profiles: default
2022-02-23 10:17:09,904 INFO [restartedMain] o.s.d.r.c.RepositoryConfigurationDelegate [RepositoryConfigurationDelegate.java:244] Multiple Spring Data modules found, entering strict repository configuration mode!
2022-02-23 10:17:09,904 INFO [restartedMain] o.s.d.r.c.RepositoryConfigurationDelegate [RepositoryConfigurationDelegate.java:126] Bootstrapping Spring Data repositories in DEFAULT mode.
2022-02-23 10:17:09,911 INFO [restartedMain] o.s.d.r.c.RepositoryConfigurationDelegate [RepositoryConfigurationDelegate.java:182] Finished Spring Data repository scanning in 6ms. Found 0 repository interfaces.
2022-02-23 10:17:09,965 INFO [restartedMain] o.s.c.s.PostProcessorRegistrationDelegate$BeanPostProcessorChecker [PostProcessorRegistrationDelegate.java:330] Bean 'org.springframework.transaction.annotation.ProxyTransactionManagementConfiguration' of type [org.springframework.transaction.annotation.ProxyTransactionManagementConfiguration$$EnhancerBySpringCGLIB$$c8bfc47b] is not eligible for getting processed by all BeanPostProcessors (for example: not eligible for auto-proxying)
2022-02-23 10:17:10,022 INFO [restartedMain] o.s.b.w.e.t.TomcatWebServer [TomcatWebServer.java:90] Tomcat initialized with port(s): 8080 (http)
2022-02-23 10:17:10,023 INFO [restartedMain] o.a.c.h.Http11NioProtocol [DirectJDKLog.java:173] Initializing ProtocolHandler ["http-nio-8080"]
2022-02-23 10:17:10,023 INFO [restartedMain] o.a.c.c.StandardService [DirectJDKLog.java:173] Starting service [Tomcat]
2022-02-23 10:17:10,024 INFO [restartedMain] o.a.c.c.StandardEngine [DirectJDKLog.java:173] Starting Servlet engine: [Apache Tomcat/9.0.21]
2022-02-23 10:17:10,040 INFO [restartedMain] o.a.c.c.C.[.[.[/alumni] [DirectJDKLog.java:173] Initializing Spring embedded WebApplicationContext
2022-02-23 10:17:10,040 INFO [restartedMain] o.s.w.c.ContextLoader [ServletWebServerApplicationContext.java:283] Root WebApplicationContext: initialization completed in 330 ms
2022-02-23 10:17:10,131 INFO [restartedMain] o.a.c.c.StandardService [DirectJDKLog.java:173] Stopping service [Tomcat]
2022-02-23 10:17:10,244 INFO [restartedMain] o.s.b.a.l.ConditionEvaluationReportLoggingListener [ConditionEvaluationReportLoggingListener.java:135] 

Error starting ApplicationContext. To display the conditions report re-run your application with 'debug' enabled.
2022-02-23 10:18:04,410 INFO [restartedMain] c.g.a.AlumniApplication [StartupInfoLogger.java:50] Starting AlumniApplication on DESKTOP-MS39Q40 with PID 13832 (D:\Code\IdeaProjects\alumni\target\classes started by Administrator in D:\Code\IdeaProjects\alumni)
2022-02-23 10:18:04,410 INFO [restartedMain] c.g.a.AlumniApplication [SpringApplication.java:646] No active profile set, falling back to default profiles: default
2022-02-23 10:18:04,654 INFO [restartedMain] o.s.d.r.c.RepositoryConfigurationDelegate [RepositoryConfigurationDelegate.java:244] Multiple Spring Data modules found, entering strict repository configuration mode!
2022-02-23 10:18:04,655 INFO [restartedMain] o.s.d.r.c.RepositoryConfigurationDelegate [RepositoryConfigurationDelegate.java:126] Bootstrapping Spring Data repositories in DEFAULT mode.
2022-02-23 10:18:04,663 INFO [restartedMain] o.s.d.r.c.RepositoryConfigurationDelegate [RepositoryConfigurationDelegate.java:182] Finished Spring Data repository scanning in 8ms. Found 0 repository interfaces.
2022-02-23 10:18:04,724 INFO [restartedMain] o.s.c.s.PostProcessorRegistrationDelegate$BeanPostProcessorChecker [PostProcessorRegistrationDelegate.java:330] Bean 'org.springframework.transaction.annotation.ProxyTransactionManagementConfiguration' of type [org.springframework.transaction.annotation.ProxyTransactionManagementConfiguration$$EnhancerBySpringCGLIB$$c8bfc47b] is not eligible for getting processed by all BeanPostProcessors (for example: not eligible for auto-proxying)
2022-02-23 10:18:04,805 INFO [restartedMain] o.s.b.w.e.t.TomcatWebServer [TomcatWebServer.java:90] Tomcat initialized with port(s): 8080 (http)
2022-02-23 10:18:04,806 INFO [restartedMain] o.a.c.h.Http11NioProtocol [DirectJDKLog.java:173] Initializing ProtocolHandler ["http-nio-8080"]
2022-02-23 10:18:04,807 INFO [restartedMain] o.a.c.c.StandardService [DirectJDKLog.java:173] Starting service [Tomcat]
2022-02-23 10:18:04,807 INFO [restartedMain] o.a.c.c.StandardEngine [DirectJDKLog.java:173] Starting Servlet engine: [Apache Tomcat/9.0.21]
2022-02-23 10:18:04,848 INFO [restartedMain] o.a.c.c.C.[.[.[/alumni] [DirectJDKLog.java:173] Initializing Spring embedded WebApplicationContext
2022-02-23 10:18:04,848 INFO [restartedMain] o.s.w.c.ContextLoader [ServletWebServerApplicationContext.java:283] Root WebApplicationContext: initialization completed in 436 ms
2022-02-23 10:18:04,928 INFO [restartedMain] o.a.c.c.StandardService [DirectJDKLog.java:173] Stopping service [Tomcat]
2022-02-23 10:18:04,932 INFO [restartedMain] o.s.b.a.l.ConditionEvaluationReportLoggingListener [ConditionEvaluationReportLoggingListener.java:135] 

Error starting ApplicationContext. To display the conditions report re-run your application with 'debug' enabled.
2022-02-23 10:19:03,092 INFO [restartedMain] c.g.a.AlumniApplication [StartupInfoLogger.java:50] Starting AlumniApplication on DESKTOP-MS39Q40 with PID 13832 (D:\Code\IdeaProjects\alumni\target\classes started by Administrator in D:\Code\IdeaProjects\alumni)
2022-02-23 10:19:03,092 INFO [restartedMain] c.g.a.AlumniApplication [SpringApplication.java:646] No active profile set, falling back to default profiles: default
2022-02-23 10:19:03,303 INFO [restartedMain] o.s.d.r.c.RepositoryConfigurationDelegate [RepositoryConfigurationDelegate.java:244] Multiple Spring Data modules found, entering strict repository configuration mode!
2022-02-23 10:19:03,303 INFO [restartedMain] o.s.d.r.c.RepositoryConfigurationDelegate [RepositoryConfigurationDelegate.java:126] Bootstrapping Spring Data repositories in DEFAULT mode.
2022-02-23 10:19:03,309 INFO [restartedMain] o.s.d.r.c.RepositoryConfigurationDelegate [RepositoryConfigurationDelegate.java:182] Finished Spring Data repository scanning in 6ms. Found 0 repository interfaces.
2022-02-23 10:19:03,352 INFO [restartedMain] o.s.c.s.PostProcessorRegistrationDelegate$BeanPostProcessorChecker [PostProcessorRegistrationDelegate.java:330] Bean 'org.springframework.transaction.annotation.ProxyTransactionManagementConfiguration' of type [org.springframework.transaction.annotation.ProxyTransactionManagementConfiguration$$EnhancerBySpringCGLIB$$c8bfc47b] is not eligible for getting processed by all BeanPostProcessors (for example: not eligible for auto-proxying)
2022-02-23 10:19:03,408 INFO [restartedMain] o.s.b.w.e.t.TomcatWebServer [TomcatWebServer.java:90] Tomcat initialized with port(s): 8080 (http)
2022-02-23 10:19:03,409 INFO [restartedMain] o.a.c.h.Http11NioProtocol [DirectJDKLog.java:173] Initializing ProtocolHandler ["http-nio-8080"]
2022-02-23 10:19:03,409 INFO [restartedMain] o.a.c.c.StandardService [DirectJDKLog.java:173] Starting service [Tomcat]
2022-02-23 10:19:03,409 INFO [restartedMain] o.a.c.c.StandardEngine [DirectJDKLog.java:173] Starting Servlet engine: [Apache Tomcat/9.0.21]
2022-02-23 10:19:03,420 INFO [restartedMain] o.a.c.c.C.[.[.[/alumni] [DirectJDKLog.java:173] Initializing Spring embedded WebApplicationContext
2022-02-23 10:19:03,420 INFO [restartedMain] o.s.w.c.ContextLoader [ServletWebServerApplicationContext.java:283] Root WebApplicationContext: initialization completed in 327 ms
2022-02-23 10:19:03,547 INFO [restartedMain] o.a.c.c.StandardService [DirectJDKLog.java:173] Stopping service [Tomcat]
2022-02-23 10:19:03,550 INFO [restartedMain] o.s.b.a.l.ConditionEvaluationReportLoggingListener [ConditionEvaluationReportLoggingListener.java:135] 

Error starting ApplicationContext. To display the conditions report re-run your application with 'debug' enabled.
2022-02-23 10:19:06,316 INFO [restartedMain] c.g.a.AlumniApplication [StartupInfoLogger.java:50] Starting AlumniApplication on DESKTOP-MS39Q40 with PID 13832 (D:\Code\IdeaProjects\alumni\target\classes started by Administrator in D:\Code\IdeaProjects\alumni)
2022-02-23 10:19:06,317 INFO [restartedMain] c.g.a.AlumniApplication [SpringApplication.java:646] No active profile set, falling back to default profiles: default
2022-02-23 10:19:06,509 INFO [restartedMain] o.s.d.r.c.RepositoryConfigurationDelegate [RepositoryConfigurationDelegate.java:244] Multiple Spring Data modules found, entering strict repository configuration mode!
2022-02-23 10:19:06,510 INFO [restartedMain] o.s.d.r.c.RepositoryConfigurationDelegate [RepositoryConfigurationDelegate.java:126] Bootstrapping Spring Data repositories in DEFAULT mode.
2022-02-23 10:19:06,515 INFO [restartedMain] o.s.d.r.c.RepositoryConfigurationDelegate [RepositoryConfigurationDelegate.java:182] Finished Spring Data repository scanning in 5ms. Found 0 repository interfaces.
2022-02-23 10:19:06,563 INFO [restartedMain] o.s.c.s.PostProcessorRegistrationDelegate$BeanPostProcessorChecker [PostProcessorRegistrationDelegate.java:330] Bean 'org.springframework.transaction.annotation.ProxyTransactionManagementConfiguration' of type [org.springframework.transaction.annotation.ProxyTransactionManagementConfiguration$$EnhancerBySpringCGLIB$$c8bfc47b] is not eligible for getting processed by all BeanPostProcessors (for example: not eligible for auto-proxying)
2022-02-23 10:19:06,620 INFO [restartedMain] o.s.b.w.e.t.TomcatWebServer [TomcatWebServer.java:90] Tomcat initialized with port(s): 8080 (http)
2022-02-23 10:19:06,620 INFO [restartedMain] o.a.c.h.Http11NioProtocol [DirectJDKLog.java:173] Initializing ProtocolHandler ["http-nio-8080"]
2022-02-23 10:19:06,621 INFO [restartedMain] o.a.c.c.StandardService [DirectJDKLog.java:173] Starting service [Tomcat]
2022-02-23 10:19:06,621 INFO [restartedMain] o.a.c.c.StandardEngine [DirectJDKLog.java:173] Starting Servlet engine: [Apache Tomcat/9.0.21]
2022-02-23 10:19:06,632 INFO [restartedMain] o.a.c.c.C.[.[.[/alumni] [DirectJDKLog.java:173] Initializing Spring embedded WebApplicationContext
2022-02-23 10:19:06,632 INFO [restartedMain] o.s.w.c.ContextLoader [ServletWebServerApplicationContext.java:283] Root WebApplicationContext: initialization completed in 313 ms
2022-02-23 10:19:06,778 INFO [restartedMain] o.a.c.c.StandardService [DirectJDKLog.java:173] Stopping service [Tomcat]
2022-02-23 10:19:06,783 INFO [restartedMain] o.s.b.a.l.ConditionEvaluationReportLoggingListener [ConditionEvaluationReportLoggingListener.java:135] 

Error starting ApplicationContext. To display the conditions report re-run your application with 'debug' enabled.
2022-02-23 10:19:42,488 INFO [restartedMain] c.g.a.AlumniApplication [StartupInfoLogger.java:50] Starting AlumniApplication on DESKTOP-MS39Q40 with PID 13832 (D:\Code\IdeaProjects\alumni\target\classes started by Administrator in D:\Code\IdeaProjects\alumni)
2022-02-23 10:19:42,488 INFO [restartedMain] c.g.a.AlumniApplication [SpringApplication.java:646] No active profile set, falling back to default profiles: default
2022-02-23 10:19:42,685 INFO [restartedMain] o.s.d.r.c.RepositoryConfigurationDelegate [RepositoryConfigurationDelegate.java:244] Multiple Spring Data modules found, entering strict repository configuration mode!
2022-02-23 10:19:42,686 INFO [restartedMain] o.s.d.r.c.RepositoryConfigurationDelegate [RepositoryConfigurationDelegate.java:126] Bootstrapping Spring Data repositories in DEFAULT mode.
2022-02-23 10:19:42,694 INFO [restartedMain] o.s.d.r.c.RepositoryConfigurationDelegate [RepositoryConfigurationDelegate.java:182] Finished Spring Data repository scanning in 8ms. Found 0 repository interfaces.
2022-02-23 10:19:42,753 INFO [restartedMain] o.s.c.s.PostProcessorRegistrationDelegate$BeanPostProcessorChecker [PostProcessorRegistrationDelegate.java:330] Bean 'org.springframework.transaction.annotation.ProxyTransactionManagementConfiguration' of type [org.springframework.transaction.annotation.ProxyTransactionManagementConfiguration$$EnhancerBySpringCGLIB$$c8bfc47b] is not eligible for getting processed by all BeanPostProcessors (for example: not eligible for auto-proxying)
2022-02-23 10:19:42,815 INFO [restartedMain] o.s.b.w.e.t.TomcatWebServer [TomcatWebServer.java:90] Tomcat initialized with port(s): 8080 (http)
2022-02-23 10:19:42,816 INFO [restartedMain] o.a.c.h.Http11NioProtocol [DirectJDKLog.java:173] Initializing ProtocolHandler ["http-nio-8080"]
2022-02-23 10:19:42,816 INFO [restartedMain] o.a.c.c.StandardService [DirectJDKLog.java:173] Starting service [Tomcat]
2022-02-23 10:19:42,816 INFO [restartedMain] o.a.c.c.StandardEngine [DirectJDKLog.java:173] Starting Servlet engine: [Apache Tomcat/9.0.21]
2022-02-23 10:19:42,828 INFO [restartedMain] o.a.c.c.C.[.[.[/alumni] [DirectJDKLog.java:173] Initializing Spring embedded WebApplicationContext
2022-02-23 10:19:42,828 INFO [restartedMain] o.s.w.c.ContextLoader [ServletWebServerApplicationContext.java:283] Root WebApplicationContext: initialization completed in 339 ms
2022-02-23 10:19:42,904 INFO [restartedMain] o.a.c.c.StandardService [DirectJDKLog.java:173] Stopping service [Tomcat]
2022-02-23 10:19:42,908 INFO [restartedMain] o.s.b.a.l.ConditionEvaluationReportLoggingListener [ConditionEvaluationReportLoggingListener.java:135] 

Error starting ApplicationContext. To display the conditions report re-run your application with 'debug' enabled.
2022-02-23 10:19:44,381 INFO [restartedMain] c.g.a.AlumniApplication [StartupInfoLogger.java:50] Starting AlumniApplication on DESKTOP-MS39Q40 with PID 13832 (D:\Code\IdeaProjects\alumni\target\classes started by Administrator in D:\Code\IdeaProjects\alumni)
2022-02-23 10:19:44,381 INFO [restartedMain] c.g.a.AlumniApplication [SpringApplication.java:646] No active profile set, falling back to default profiles: default
2022-02-23 10:19:44,558 INFO [restartedMain] o.s.d.r.c.RepositoryConfigurationDelegate [RepositoryConfigurationDelegate.java:244] Multiple Spring Data modules found, entering strict repository configuration mode!
2022-02-23 10:19:44,558 INFO [restartedMain] o.s.d.r.c.RepositoryConfigurationDelegate [RepositoryConfigurationDelegate.java:126] Bootstrapping Spring Data repositories in DEFAULT mode.
2022-02-23 10:19:44,564 INFO [restartedMain] o.s.d.r.c.RepositoryConfigurationDelegate [RepositoryConfigurationDelegate.java:182] Finished Spring Data repository scanning in 5ms. Found 0 repository interfaces.
2022-02-23 10:19:44,603 INFO [restartedMain] o.s.c.s.PostProcessorRegistrationDelegate$BeanPostProcessorChecker [PostProcessorRegistrationDelegate.java:330] Bean 'org.springframework.transaction.annotation.ProxyTransactionManagementConfiguration' of type [org.springframework.transaction.annotation.ProxyTransactionManagementConfiguration$$EnhancerBySpringCGLIB$$c8bfc47b] is not eligible for getting processed by all BeanPostProcessors (for example: not eligible for auto-proxying)
2022-02-23 10:19:44,654 INFO [restartedMain] o.s.b.w.e.t.TomcatWebServer [TomcatWebServer.java:90] Tomcat initialized with port(s): 8080 (http)
2022-02-23 10:19:44,654 INFO [restartedMain] o.a.c.h.Http11NioProtocol [DirectJDKLog.java:173] Initializing ProtocolHandler ["http-nio-8080"]
2022-02-23 10:19:44,655 INFO [restartedMain] o.a.c.c.StandardService [DirectJDKLog.java:173] Starting service [Tomcat]
2022-02-23 10:19:44,655 INFO [restartedMain] o.a.c.c.StandardEngine [DirectJDKLog.java:173] Starting Servlet engine: [Apache Tomcat/9.0.21]
2022-02-23 10:19:44,665 INFO [restartedMain] o.a.c.c.C.[.[.[/alumni] [DirectJDKLog.java:173] Initializing Spring embedded WebApplicationContext
2022-02-23 10:19:44,665 INFO [restartedMain] o.s.w.c.ContextLoader [ServletWebServerApplicationContext.java:283] Root WebApplicationContext: initialization completed in 281 ms
2022-02-23 10:19:44,774 INFO [restartedMain] o.a.c.c.StandardService [DirectJDKLog.java:173] Stopping service [Tomcat]
2022-02-23 10:19:44,778 INFO [restartedMain] o.s.b.a.l.ConditionEvaluationReportLoggingListener [ConditionEvaluationReportLoggingListener.java:135] 

Error starting ApplicationContext. To display the conditions report re-run your application with 'debug' enabled.
2022-02-23 10:19:57,706 INFO [restartedMain] c.g.a.AlumniApplication [StartupInfoLogger.java:50] Starting AlumniApplication on DESKTOP-MS39Q40 with PID 13832 (D:\Code\IdeaProjects\alumni\target\classes started by Administrator in D:\Code\IdeaProjects\alumni)
2022-02-23 10:19:57,706 INFO [restartedMain] c.g.a.AlumniApplication [SpringApplication.java:646] No active profile set, falling back to default profiles: default
2022-02-23 10:19:57,946 INFO [restartedMain] o.s.d.r.c.RepositoryConfigurationDelegate [RepositoryConfigurationDelegate.java:244] Multiple Spring Data modules found, entering strict repository configuration mode!
2022-02-23 10:19:57,947 INFO [restartedMain] o.s.d.r.c.RepositoryConfigurationDelegate [RepositoryConfigurationDelegate.java:126] Bootstrapping Spring Data repositories in DEFAULT mode.
2022-02-23 10:19:57,955 INFO [restartedMain] o.s.d.r.c.RepositoryConfigurationDelegate [RepositoryConfigurationDelegate.java:182] Finished Spring Data repository scanning in 8ms. Found 0 repository interfaces.
2022-02-23 10:19:57,999 INFO [restartedMain] o.s.c.s.PostProcessorRegistrationDelegate$BeanPostProcessorChecker [PostProcessorRegistrationDelegate.java:330] Bean 'org.springframework.transaction.annotation.ProxyTransactionManagementConfiguration' of type [org.springframework.transaction.annotation.ProxyTransactionManagementConfiguration$$EnhancerBySpringCGLIB$$c8bfc47b] is not eligible for getting processed by all BeanPostProcessors (for example: not eligible for auto-proxying)
2022-02-23 10:19:58,058 INFO [restartedMain] o.s.b.w.e.t.TomcatWebServer [TomcatWebServer.java:90] Tomcat initialized with port(s): 8080 (http)
2022-02-23 10:19:58,059 INFO [restartedMain] o.a.c.h.Http11NioProtocol [DirectJDKLog.java:173] Initializing ProtocolHandler ["http-nio-8080"]
2022-02-23 10:19:58,060 INFO [restartedMain] o.a.c.c.StandardService [DirectJDKLog.java:173] Starting service [Tomcat]
2022-02-23 10:19:58,060 INFO [restartedMain] o.a.c.c.StandardEngine [DirectJDKLog.java:173] Starting Servlet engine: [Apache Tomcat/9.0.21]
2022-02-23 10:19:58,074 INFO [restartedMain] o.a.c.c.C.[.[.[/alumni] [DirectJDKLog.java:173] Initializing Spring embedded WebApplicationContext
2022-02-23 10:19:58,075 INFO [restartedMain] o.s.w.c.ContextLoader [ServletWebServerApplicationContext.java:283] Root WebApplicationContext: initialization completed in 367 ms
2022-02-23 10:19:58,229 INFO [restartedMain] o.s.b.a.s.s.UserDetailsServiceAutoConfiguration [UserDetailsServiceAutoConfiguration.java:82] 

Using generated security password: a6fb9254-69b1-4b93-9004-23e8d63f7b58

2022-02-23 10:19:58,231 INFO [restartedMain] o.s.s.w.DefaultSecurityFilterChain [DefaultSecurityFilterChain.java:43] Creating filter chain: Ant [pattern='/resources/**'], []
2022-02-23 10:19:58,236 INFO [restartedMain] o.s.s.w.DefaultSecurityFilterChain [DefaultSecurityFilterChain.java:43] Creating filter chain: any request, [org.springframework.security.web.context.request.async.WebAsyncManagerIntegrationFilter@766e7a1b, org.springframework.security.web.context.SecurityContextPersistenceFilter@51399a44, org.springframework.security.web.header.HeaderWriterFilter@598a2516, org.springframework.security.web.authentication.logout.LogoutFilter@1dc9042a, org.springframework.security.web.savedrequest.RequestCacheAwareFilter@554c0499, org.springframework.security.web.servletapi.SecurityContextHolderAwareRequestFilter@5d6639b3, org.springframework.security.web.authentication.AnonymousAuthenticationFilter@543f1d63, org.springframework.security.web.session.SessionManagementFilter@6524a97c, org.springframework.security.web.access.ExceptionTranslationFilter@4c991d1f, org.springframework.security.web.access.intercept.FilterSecurityInterceptor@c1849cb]
2022-02-23 10:19:58,292 INFO [restartedMain] o.s.s.c.ThreadPoolTaskExecutor [ExecutorConfigurationSupport.java:171] Initializing ExecutorService 'applicationTaskExecutor'
2022-02-23 10:19:58,343 INFO [restartedMain] o.s.b.a.w.s.WelcomePageHandlerMapping [WelcomePageHandlerMapping.java:58] Adding welcome page template: index
2022-02-23 10:19:58,406 INFO [restartedMain] o.s.b.d.a.OptionalLiveReloadServer [OptionalLiveReloadServer.java:57] LiveReload server is running on port 35729
2022-02-23 10:19:58,421 INFO [restartedMain] o.a.c.h.Http11NioProtocol [DirectJDKLog.java:173] Starting ProtocolHandler ["http-nio-8080"]
2022-02-23 10:19:58,423 INFO [restartedMain] o.s.b.w.e.t.TomcatWebServer [TomcatWebServer.java:202] Tomcat started on port(s): 8080 (http) with context path '/alumni'
2022-02-23 10:19:58,423 INFO [restartedMain] c.g.a.AlumniApplication [StartupInfoLogger.java:59] Started AlumniApplication in 0.737 seconds (JVM running for 726.999)
2022-02-23 10:19:58,426 INFO [restartedMain] o.s.b.d.a.ConditionEvaluationDeltaLoggingListener [ConditionEvaluationDeltaLoggingListener.java:63] Condition evaluation unchanged
2022-02-23 10:21:01,810 INFO [Thread-24] o.s.s.c.ThreadPoolTaskExecutor [ExecutorConfigurationSupport.java:208] Shutting down ExecutorService 'applicationTaskExecutor'
2022-02-23 10:21:02,140 INFO [restartedMain] c.g.a.AlumniApplication [StartupInfoLogger.java:50] Starting AlumniApplication on DESKTOP-MS39Q40 with PID 13832 (D:\Code\IdeaProjects\alumni\target\classes started by Administrator in D:\Code\IdeaProjects\alumni)
2022-02-23 10:21:02,141 INFO [restartedMain] c.g.a.AlumniApplication [SpringApplication.java:646] No active profile set, falling back to default profiles: default
2022-02-23 10:21:02,304 INFO [restartedMain] o.s.d.r.c.RepositoryConfigurationDelegate [RepositoryConfigurationDelegate.java:244] Multiple Spring Data modules found, entering strict repository configuration mode!
2022-02-23 10:21:02,304 INFO [restartedMain] o.s.d.r.c.RepositoryConfigurationDelegate [RepositoryConfigurationDelegate.java:126] Bootstrapping Spring Data repositories in DEFAULT mode.
2022-02-23 10:21:02,314 INFO [restartedMain] o.s.d.r.c.RepositoryConfigurationDelegate [RepositoryConfigurationDelegate.java:182] Finished Spring Data repository scanning in 10ms. Found 0 repository interfaces.
2022-02-23 10:21:02,350 INFO [restartedMain] o.s.c.s.PostProcessorRegistrationDelegate$BeanPostProcessorChecker [PostProcessorRegistrationDelegate.java:330] Bean 'org.springframework.transaction.annotation.ProxyTransactionManagementConfiguration' of type [org.springframework.transaction.annotation.ProxyTransactionManagementConfiguration$$EnhancerBySpringCGLIB$$c8bfc47b] is not eligible for getting processed by all BeanPostProcessors (for example: not eligible for auto-proxying)
2022-02-23 10:21:02,403 INFO [restartedMain] o.s.b.w.e.t.TomcatWebServer [TomcatWebServer.java:90] Tomcat initialized with port(s): 8080 (http)
2022-02-23 10:21:02,404 INFO [restartedMain] o.a.c.h.Http11NioProtocol [DirectJDKLog.java:173] Initializing ProtocolHandler ["http-nio-8080"]
2022-02-23 10:21:02,404 INFO [restartedMain] o.a.c.c.StandardService [DirectJDKLog.java:173] Starting service [Tomcat]
2022-02-23 10:21:02,404 INFO [restartedMain] o.a.c.c.StandardEngine [DirectJDKLog.java:173] Starting Servlet engine: [Apache Tomcat/9.0.21]
2022-02-23 10:21:02,417 INFO [restartedMain] o.a.c.c.C.[.[.[/alumni] [DirectJDKLog.java:173] Initializing Spring embedded WebApplicationContext
2022-02-23 10:21:02,417 INFO [restartedMain] o.s.w.c.ContextLoader [ServletWebServerApplicationContext.java:283] Root WebApplicationContext: initialization completed in 275 ms
2022-02-23 10:21:02,554 INFO [restartedMain] o.s.b.a.s.s.UserDetailsServiceAutoConfiguration [UserDetailsServiceAutoConfiguration.java:82] 

Using generated security password: fa2625e8-ee1d-4ea0-9b6c-ce39aedcb049

2022-02-23 10:21:02,556 INFO [restartedMain] o.s.s.w.DefaultSecurityFilterChain [DefaultSecurityFilterChain.java:43] Creating filter chain: Ant [pattern='/resources/**'], []
2022-02-23 10:21:02,561 INFO [restartedMain] o.s.s.w.DefaultSecurityFilterChain [DefaultSecurityFilterChain.java:43] Creating filter chain: any request, [org.springframework.security.web.context.request.async.WebAsyncManagerIntegrationFilter@36c6f5fb, org.springframework.security.web.context.SecurityContextPersistenceFilter@39dfcfc2, org.springframework.security.web.header.HeaderWriterFilter@5fca0445, org.springframework.security.web.authentication.logout.LogoutFilter@34ba2aad, org.springframework.security.web.savedrequest.RequestCacheAwareFilter@39407a3d, org.springframework.security.web.servletapi.SecurityContextHolderAwareRequestFilter@3627a97c, org.springframework.security.web.authentication.AnonymousAuthenticationFilter@45bdbc07, org.springframework.security.web.session.SessionManagementFilter@798f620f, org.springframework.security.web.access.ExceptionTranslationFilter@2734e569, org.springframework.security.web.access.intercept.FilterSecurityInterceptor@279ac645]
2022-02-23 10:21:02,598 INFO [restartedMain] o.s.s.c.ThreadPoolTaskExecutor [ExecutorConfigurationSupport.java:171] Initializing ExecutorService 'applicationTaskExecutor'
2022-02-23 10:21:02,625 INFO [restartedMain] o.s.b.a.w.s.WelcomePageHandlerMapping [WelcomePageHandlerMapping.java:58] Adding welcome page template: index
2022-02-23 10:21:02,666 INFO [restartedMain] o.s.b.d.a.OptionalLiveReloadServer [OptionalLiveReloadServer.java:57] LiveReload server is running on port 35729
2022-02-23 10:21:02,680 INFO [restartedMain] o.a.c.h.Http11NioProtocol [DirectJDKLog.java:173] Starting ProtocolHandler ["http-nio-8080"]
2022-02-23 10:21:02,682 INFO [restartedMain] o.s.b.w.e.t.TomcatWebServer [TomcatWebServer.java:202] Tomcat started on port(s): 8080 (http) with context path '/alumni'
2022-02-23 10:21:02,682 INFO [restartedMain] c.g.a.AlumniApplication [StartupInfoLogger.java:59] Started AlumniApplication in 0.565 seconds (JVM running for 791.258)
2022-02-23 10:21:02,684 INFO [restartedMain] o.s.b.d.a.ConditionEvaluationDeltaLoggingListener [ConditionEvaluationDeltaLoggingListener.java:63] Condition evaluation unchanged
2022-02-23 10:25:31,412 INFO [restartedMain] c.g.a.AlumniApplication [StartupInfoLogger.java:50] Starting AlumniApplication on DESKTOP-MS39Q40 with PID 14996 (D:\Code\IdeaProjects\alumni\target\classes started by Administrator in D:\Code\IdeaProjects\alumni)
2022-02-23 10:25:31,414 INFO [restartedMain] c.g.a.AlumniApplication [SpringApplication.java:646] No active profile set, falling back to default profiles: default
2022-02-23 10:25:31,438 INFO [restartedMain] o.s.b.d.e.DevToolsPropertyDefaultsPostProcessor [DeferredLog.java:225] Devtools property defaults active! Set 'spring.devtools.add-properties' to 'false' to disable
2022-02-23 10:25:31,438 INFO [restartedMain] o.s.b.d.e.DevToolsPropertyDefaultsPostProcessor [DeferredLog.java:225] For additional web related logging consider setting the 'logging.level.web' property to 'DEBUG'
2022-02-23 10:25:32,034 INFO [restartedMain] o.s.d.r.c.RepositoryConfigurationDelegate [RepositoryConfigurationDelegate.java:244] Multiple Spring Data modules found, entering strict repository configuration mode!
2022-02-23 10:25:32,036 INFO [restartedMain] o.s.d.r.c.RepositoryConfigurationDelegate [RepositoryConfigurationDelegate.java:126] Bootstrapping Spring Data repositories in DEFAULT mode.
2022-02-23 10:25:32,061 INFO [restartedMain] o.s.d.r.c.RepositoryConfigurationDelegate [RepositoryConfigurationDelegate.java:182] Finished Spring Data repository scanning in 12ms. Found 0 repository interfaces.
2022-02-23 10:25:32,307 INFO [restartedMain] o.s.c.s.PostProcessorRegistrationDelegate$BeanPostProcessorChecker [PostProcessorRegistrationDelegate.java:330] Bean 'org.springframework.transaction.annotation.ProxyTransactionManagementConfiguration' of type [org.springframework.transaction.annotation.ProxyTransactionManagementConfiguration$$EnhancerBySpringCGLIB$$29c22653] is not eligible for getting processed by all BeanPostProcessors (for example: not eligible for auto-proxying)
2022-02-23 10:25:32,530 INFO [restartedMain] o.s.b.w.e.t.TomcatWebServer [TomcatWebServer.java:90] Tomcat initialized with port(s): 8080 (http)
2022-02-23 10:25:32,539 INFO [restartedMain] o.a.c.h.Http11NioProtocol [DirectJDKLog.java:173] Initializing ProtocolHandler ["http-nio-8080"]
2022-02-23 10:25:32,546 INFO [restartedMain] o.a.c.c.StandardService [DirectJDKLog.java:173] Starting service [Tomcat]
2022-02-23 10:25:32,546 INFO [restartedMain] o.a.c.c.StandardEngine [DirectJDKLog.java:173] Starting Servlet engine: [Apache Tomcat/9.0.21]
2022-02-23 10:25:32,615 INFO [restartedMain] o.a.c.c.C.[.[.[/alumni] [DirectJDKLog.java:173] Initializing Spring embedded WebApplicationContext
2022-02-23 10:25:32,615 INFO [restartedMain] o.s.w.c.ContextLoader [ServletWebServerApplicationContext.java:283] Root WebApplicationContext: initialization completed in 1177 ms
2022-02-23 10:25:33,154 INFO [restartedMain] o.s.b.a.s.s.UserDetailsServiceAutoConfiguration [UserDetailsServiceAutoConfiguration.java:82] 

Using generated security password: 652f66da-e474-48e5-9d00-4f17e17adf30

2022-02-23 10:25:33,186 INFO [restartedMain] o.s.s.w.DefaultSecurityFilterChain [DefaultSecurityFilterChain.java:43] Creating filter chain: Ant [pattern='/resources/**'], []
2022-02-23 10:25:33,205 INFO [restartedMain] o.s.s.w.DefaultSecurityFilterChain [DefaultSecurityFilterChain.java:43] Creating filter chain: any request, [org.springframework.security.web.context.request.async.WebAsyncManagerIntegrationFilter@7a47416, org.springframework.security.web.context.SecurityContextPersistenceFilter@76246380, org.springframework.security.web.header.HeaderWriterFilter@514018d6, org.springframework.security.web.authentication.logout.LogoutFilter@72a5be83, org.springframework.security.web.savedrequest.RequestCacheAwareFilter@313bd743, org.springframework.security.web.servletapi.SecurityContextHolderAwareRequestFilter@7e6c1b7f, org.springframework.security.web.authentication.AnonymousAuthenticationFilter@690f4e59, org.springframework.security.web.session.SessionManagementFilter@606f937e, org.springframework.security.web.access.ExceptionTranslationFilter@72511fb7, org.springframework.security.web.access.intercept.FilterSecurityInterceptor@416f790a]
2022-02-23 10:25:33,305 INFO [restartedMain] o.s.s.c.ThreadPoolTaskExecutor [ExecutorConfigurationSupport.java:171] Initializing ExecutorService 'applicationTaskExecutor'
2022-02-23 10:25:33,379 INFO [restartedMain] o.s.b.a.w.s.WelcomePageHandlerMapping [WelcomePageHandlerMapping.java:58] Adding welcome page template: index
2022-02-23 10:25:33,554 INFO [restartedMain] o.s.b.d.a.OptionalLiveReloadServer [OptionalLiveReloadServer.java:57] LiveReload server is running on port 35729
2022-02-23 10:25:33,574 INFO [restartedMain] o.a.c.h.Http11NioProtocol [DirectJDKLog.java:173] Starting ProtocolHandler ["http-nio-8080"]
2022-02-23 10:25:33,589 INFO [restartedMain] o.s.b.w.e.t.TomcatWebServer [TomcatWebServer.java:202] Tomcat started on port(s): 8080 (http) with context path '/alumni'
2022-02-23 10:25:33,591 INFO [restartedMain] c.g.a.AlumniApplication [StartupInfoLogger.java:59] Started AlumniApplication in 2.485 seconds (JVM running for 3.09)
2022-02-23 10:25:41,242 INFO [http-nio-8080-exec-1] o.a.c.c.C.[.[.[/alumni] [DirectJDKLog.java:173] Initializing Spring DispatcherServlet 'dispatcherServlet'
2022-02-23 10:25:41,242 INFO [http-nio-8080-exec-1] o.s.w.s.DispatcherServlet [FrameworkServlet.java:524] Initializing Servlet 'dispatcherServlet'
2022-02-23 10:25:41,247 INFO [http-nio-8080-exec-1] o.s.w.s.DispatcherServlet [FrameworkServlet.java:546] Completed initialization in 5 ms
2022-02-23 10:25:41,287 INFO [http-nio-8080-exec-1] c.z.h.HikariDataSource [HikariDataSource.java:110] HikariPool-1 - Starting...
2022-02-23 10:25:41,649 INFO [http-nio-8080-exec-1] c.z.h.HikariDataSource [HikariDataSource.java:123] HikariPool-1 - Start completed.
2022-02-23 10:25:41,828 INFO [http-nio-8080-exec-1] i.l.c.EpollProvider [EpollProvider.java:68] Starting without optional epoll library
2022-02-23 10:25:41,829 INFO [http-nio-8080-exec-1] i.l.c.KqueueProvider [KqueueProvider.java:70] Starting without optional kqueue library
2022-02-23 11:55:54,295 INFO [restartedMain] c.g.a.AlumniApplication [StartupInfoLogger.java:50] Starting AlumniApplication on DESKTOP-MS39Q40 with PID 17028 (D:\Code\IdeaProjects\alumni\target\classes started by Administrator in D:\Code\IdeaProjects\alumni)
2022-02-23 11:55:54,297 INFO [restartedMain] c.g.a.AlumniApplication [SpringApplication.java:646] No active profile set, falling back to default profiles: default
2022-02-23 11:55:54,321 INFO [restartedMain] o.s.b.d.e.DevToolsPropertyDefaultsPostProcessor [DeferredLog.java:225] Devtools property defaults active! Set 'spring.devtools.add-properties' to 'false' to disable
2022-02-23 11:55:54,322 INFO [restartedMain] o.s.b.d.e.DevToolsPropertyDefaultsPostProcessor [DeferredLog.java:225] For additional web related logging consider setting the 'logging.level.web' property to 'DEBUG'
2022-02-23 11:55:54,872 INFO [restartedMain] o.s.d.r.c.RepositoryConfigurationDelegate [RepositoryConfigurationDelegate.java:244] Multiple Spring Data modules found, entering strict repository configuration mode!
2022-02-23 11:55:54,874 INFO [restartedMain] o.s.d.r.c.RepositoryConfigurationDelegate [RepositoryConfigurationDelegate.java:126] Bootstrapping Spring Data repositories in DEFAULT mode.
2022-02-23 11:55:54,895 INFO [restartedMain] o.s.d.r.c.RepositoryConfigurationDelegate [RepositoryConfigurationDelegate.java:182] Finished Spring Data repository scanning in 12ms. Found 0 repository interfaces.
2022-02-23 11:55:55,187 INFO [restartedMain] o.s.c.s.PostProcessorRegistrationDelegate$BeanPostProcessorChecker [PostProcessorRegistrationDelegate.java:330] Bean 'org.springframework.transaction.annotation.ProxyTransactionManagementConfiguration' of type [org.springframework.transaction.annotation.ProxyTransactionManagementConfiguration$$EnhancerBySpringCGLIB$$3418400d] is not eligible for getting processed by all BeanPostProcessors (for example: not eligible for auto-proxying)
2022-02-23 11:55:55,411 INFO [restartedMain] o.s.b.w.e.t.TomcatWebServer [TomcatWebServer.java:90] Tomcat initialized with port(s): 8080 (http)
2022-02-23 11:55:55,423 INFO [restartedMain] o.a.c.h.Http11NioProtocol [DirectJDKLog.java:173] Initializing ProtocolHandler ["http-nio-8080"]
2022-02-23 11:55:55,428 INFO [restartedMain] o.a.c.c.StandardService [DirectJDKLog.java:173] Starting service [Tomcat]
2022-02-23 11:55:55,429 INFO [restartedMain] o.a.c.c.StandardEngine [DirectJDKLog.java:173] Starting Servlet engine: [Apache Tomcat/9.0.21]
2022-02-23 11:55:55,499 INFO [restartedMain] o.a.c.c.C.[.[.[/alumni] [DirectJDKLog.java:173] Initializing Spring embedded WebApplicationContext
2022-02-23 11:55:55,499 INFO [restartedMain] o.s.w.c.ContextLoader [ServletWebServerApplicationContext.java:283] Root WebApplicationContext: initialization completed in 1177 ms
2022-02-23 11:55:56,179 INFO [restartedMain] o.s.b.a.s.s.UserDetailsServiceAutoConfiguration [UserDetailsServiceAutoConfiguration.java:82] 

Using generated security password: 1ae58e68-920d-4df2-a0e3-9d37ee59ccd6

2022-02-23 11:55:56,210 INFO [restartedMain] o.s.s.w.DefaultSecurityFilterChain [DefaultSecurityFilterChain.java:43] Creating filter chain: Ant [pattern='/resources/**'], []
2022-02-23 11:55:56,231 INFO [restartedMain] o.s.s.w.DefaultSecurityFilterChain [DefaultSecurityFilterChain.java:43] Creating filter chain: any request, [org.springframework.security.web.context.request.async.WebAsyncManagerIntegrationFilter@dc7a9a2, org.springframework.security.web.context.SecurityContextPersistenceFilter@7a9d90b9, org.springframework.security.web.header.HeaderWriterFilter@3e959a12, org.springframework.security.web.authentication.logout.LogoutFilter@70720ee0, org.springframework.security.web.savedrequest.RequestCacheAwareFilter@afb5224, org.springframework.security.web.servletapi.SecurityContextHolderAwareRequestFilter@24e656a6, org.springframework.security.web.authentication.AnonymousAuthenticationFilter@292094ca, org.springframework.security.web.session.SessionManagementFilter@14cf6eac, org.springframework.security.web.access.ExceptionTranslationFilter@6e54f551, org.springframework.security.web.access.intercept.FilterSecurityInterceptor@6dc6800e]
2022-02-23 11:55:56,323 INFO [restartedMain] o.s.s.c.ThreadPoolTaskExecutor [ExecutorConfigurationSupport.java:171] Initializing ExecutorService 'applicationTaskExecutor'
2022-02-23 11:55:56,395 INFO [restartedMain] o.s.b.a.w.s.WelcomePageHandlerMapping [WelcomePageHandlerMapping.java:58] Adding welcome page template: index
2022-02-23 11:55:56,573 INFO [restartedMain] o.s.b.d.a.OptionalLiveReloadServer [OptionalLiveReloadServer.java:57] LiveReload server is running on port 35729
2022-02-23 11:55:56,596 INFO [restartedMain] o.a.c.h.Http11NioProtocol [DirectJDKLog.java:173] Starting ProtocolHandler ["http-nio-8080"]
2022-02-23 11:55:56,613 INFO [restartedMain] o.s.b.w.e.t.TomcatWebServer [TomcatWebServer.java:202] Tomcat started on port(s): 8080 (http) with context path '/alumni'
2022-02-23 11:55:56,616 INFO [restartedMain] c.g.a.AlumniApplication [StartupInfoLogger.java:59] Started AlumniApplication in 2.592 seconds (JVM running for 3.146)
2022-02-23 11:56:15,229 INFO [http-nio-8080-exec-1] o.a.c.c.C.[.[.[/alumni] [DirectJDKLog.java:173] Initializing Spring DispatcherServlet 'dispatcherServlet'
2022-02-23 11:56:15,230 INFO [http-nio-8080-exec-1] o.s.w.s.DispatcherServlet [FrameworkServlet.java:524] Initializing Servlet 'dispatcherServlet'
2022-02-23 11:56:15,235 INFO [http-nio-8080-exec-1] o.s.w.s.DispatcherServlet [FrameworkServlet.java:546] Completed initialization in 5 ms
2022-02-23 11:56:15,320 INFO [http-nio-8080-exec-1] i.l.c.EpollProvider [EpollProvider.java:68] Starting without optional epoll library
2022-02-23 11:56:15,321 INFO [http-nio-8080-exec-1] i.l.c.KqueueProvider [KqueueProvider.java:70] Starting without optional kqueue library
2022-02-23 11:56:15,871 INFO [http-nio-8080-exec-1] c.z.h.HikariDataSource [HikariDataSource.java:110] HikariPool-1 - Starting...
2022-02-23 11:56:16,279 INFO [http-nio-8080-exec-1] c.z.h.HikariDataSource [HikariDataSource.java:123] HikariPool-1 - Start completed.
2022-02-23 12:08:52,895 INFO [restartedMain] c.g.a.AlumniApplication [StartupInfoLogger.java:50] Starting AlumniApplication on DESKTOP-MS39Q40 with PID 8524 (D:\Code\IdeaProjects\alumni\target\classes started by Administrator in D:\Code\IdeaProjects\alumni)
2022-02-23 12:08:52,897 INFO [restartedMain] c.g.a.AlumniApplication [SpringApplication.java:646] No active profile set, falling back to default profiles: default
2022-02-23 12:08:52,923 INFO [restartedMain] o.s.b.d.e.DevToolsPropertyDefaultsPostProcessor [DeferredLog.java:225] Devtools property defaults active! Set 'spring.devtools.add-properties' to 'false' to disable
2022-02-23 12:08:52,924 INFO [restartedMain] o.s.b.d.e.DevToolsPropertyDefaultsPostProcessor [DeferredLog.java:225] For additional web related logging consider setting the 'logging.level.web' property to 'DEBUG'
2022-02-23 12:08:53,452 INFO [restartedMain] o.s.d.r.c.RepositoryConfigurationDelegate [RepositoryConfigurationDelegate.java:244] Multiple Spring Data modules found, entering strict repository configuration mode!
2022-02-23 12:08:53,453 INFO [restartedMain] o.s.d.r.c.RepositoryConfigurationDelegate [RepositoryConfigurationDelegate.java:126] Bootstrapping Spring Data repositories in DEFAULT mode.
2022-02-23 12:08:53,472 INFO [restartedMain] o.s.d.r.c.RepositoryConfigurationDelegate [RepositoryConfigurationDelegate.java:182] Finished Spring Data repository scanning in 11ms. Found 0 repository interfaces.
2022-02-23 12:08:53,705 INFO [restartedMain] o.s.c.s.PostProcessorRegistrationDelegate$BeanPostProcessorChecker [PostProcessorRegistrationDelegate.java:330] Bean 'org.springframework.transaction.annotation.ProxyTransactionManagementConfiguration' of type [org.springframework.transaction.annotation.ProxyTransactionManagementConfiguration$$EnhancerBySpringCGLIB$$2f96f29a] is not eligible for getting processed by all BeanPostProcessors (for example: not eligible for auto-proxying)
2022-02-23 12:08:53,902 INFO [restartedMain] o.s.b.w.e.t.TomcatWebServer [TomcatWebServer.java:90] Tomcat initialized with port(s): 8080 (http)
2022-02-23 12:08:53,911 INFO [restartedMain] o.a.c.h.Http11NioProtocol [DirectJDKLog.java:173] Initializing ProtocolHandler ["http-nio-8080"]
2022-02-23 12:08:53,918 INFO [restartedMain] o.a.c.c.StandardService [DirectJDKLog.java:173] Starting service [Tomcat]
2022-02-23 12:08:53,918 INFO [restartedMain] o.a.c.c.StandardEngine [DirectJDKLog.java:173] Starting Servlet engine: [Apache Tomcat/9.0.21]
2022-02-23 12:08:53,989 INFO [restartedMain] o.a.c.c.C.[.[.[/alumni] [DirectJDKLog.java:173] Initializing Spring embedded WebApplicationContext
2022-02-23 12:08:53,989 INFO [restartedMain] o.s.w.c.ContextLoader [ServletWebServerApplicationContext.java:283] Root WebApplicationContext: initialization completed in 1065 ms
2022-02-23 12:08:54,533 INFO [restartedMain] o.s.b.a.s.s.UserDetailsServiceAutoConfiguration [UserDetailsServiceAutoConfiguration.java:82] 

Using generated security password: a2aabed8-2697-4933-ae1d-adbef829f16f

2022-02-23 12:08:54,566 INFO [restartedMain] o.s.s.w.DefaultSecurityFilterChain [DefaultSecurityFilterChain.java:43] Creating filter chain: Ant [pattern='/resources/**'], []
2022-02-23 12:08:54,584 INFO [restartedMain] o.s.s.w.DefaultSecurityFilterChain [DefaultSecurityFilterChain.java:43] Creating filter chain: any request, [org.springframework.security.web.context.request.async.WebAsyncManagerIntegrationFilter@d528c2f, org.springframework.security.web.context.SecurityContextPersistenceFilter@514018d6, org.springframework.security.web.header.HeaderWriterFilter@1365611c, org.springframework.security.web.authentication.logout.LogoutFilter@24630c6a, org.springframework.security.web.savedrequest.RequestCacheAwareFilter@6ef0a681, org.springframework.security.web.servletapi.SecurityContextHolderAwareRequestFilter@16c17ab6, org.springframework.security.web.authentication.AnonymousAuthenticationFilter@5061b1b1, org.springframework.security.web.session.SessionManagementFilter@72511fb7, org.springframework.security.web.access.ExceptionTranslationFilter@1786befd, org.springframework.security.web.access.intercept.FilterSecurityInterceptor@45bfffa2]
2022-02-23 12:08:54,685 INFO [restartedMain] o.s.s.c.ThreadPoolTaskExecutor [ExecutorConfigurationSupport.java:171] Initializing ExecutorService 'applicationTaskExecutor'
2022-02-23 12:08:54,759 INFO [restartedMain] o.s.b.a.w.s.WelcomePageHandlerMapping [WelcomePageHandlerMapping.java:58] Adding welcome page template: index
2022-02-23 12:08:54,930 INFO [restartedMain] o.s.b.d.a.OptionalLiveReloadServer [OptionalLiveReloadServer.java:57] LiveReload server is running on port 35729
2022-02-23 12:08:54,951 INFO [restartedMain] o.a.c.h.Http11NioProtocol [DirectJDKLog.java:173] Starting ProtocolHandler ["http-nio-8080"]
2022-02-23 12:08:54,965 INFO [restartedMain] o.s.b.w.e.t.TomcatWebServer [TomcatWebServer.java:202] Tomcat started on port(s): 8080 (http) with context path '/alumni'
2022-02-23 12:08:54,967 INFO [restartedMain] c.g.a.AlumniApplication [StartupInfoLogger.java:59] Started AlumniApplication in 2.342 seconds (JVM running for 3.076)
2022-02-23 12:08:59,262 INFO [http-nio-8080-exec-1] o.a.c.c.C.[.[.[/alumni] [DirectJDKLog.java:173] Initializing Spring DispatcherServlet 'dispatcherServlet'
2022-02-23 12:08:59,262 INFO [http-nio-8080-exec-1] o.s.w.s.DispatcherServlet [FrameworkServlet.java:524] Initializing Servlet 'dispatcherServlet'
2022-02-23 12:08:59,266 INFO [http-nio-8080-exec-1] o.s.w.s.DispatcherServlet [FrameworkServlet.java:546] Completed initialization in 4 ms
2022-02-23 12:08:59,349 INFO [http-nio-8080-exec-1] i.l.c.EpollProvider [EpollProvider.java:68] Starting without optional epoll library
2022-02-23 12:08:59,350 INFO [http-nio-8080-exec-1] i.l.c.KqueueProvider [KqueueProvider.java:70] Starting without optional kqueue library
2022-02-23 12:08:59,902 INFO [http-nio-8080-exec-1] c.z.h.HikariDataSource [HikariDataSource.java:110] HikariPool-1 - Starting...
2022-02-23 12:09:00,373 INFO [http-nio-8080-exec-1] c.z.h.HikariDataSource [HikariDataSource.java:123] HikariPool-1 - Start completed.
2022-02-23 12:43:58,051 INFO [restartedMain] c.g.a.AlumniApplication [StartupInfoLogger.java:50] Starting AlumniApplication on DESKTOP-MS39Q40 with PID 10088 (D:\Code\IdeaProjects\alumni\target\classes started by Administrator in D:\Code\IdeaProjects\alumni)
2022-02-23 12:43:58,054 INFO [restartedMain] c.g.a.AlumniApplication [SpringApplication.java:646] No active profile set, falling back to default profiles: default
2022-02-23 12:43:58,090 INFO [restartedMain] o.s.b.d.e.DevToolsPropertyDefaultsPostProcessor [DeferredLog.java:225] Devtools property defaults active! Set 'spring.devtools.add-properties' to 'false' to disable
2022-02-23 12:43:58,090 INFO [restartedMain] o.s.b.d.e.DevToolsPropertyDefaultsPostProcessor [DeferredLog.java:225] For additional web related logging consider setting the 'logging.level.web' property to 'DEBUG'
2022-02-23 12:43:58,762 INFO [restartedMain] o.s.d.r.c.RepositoryConfigurationDelegate [RepositoryConfigurationDelegate.java:244] Multiple Spring Data modules found, entering strict repository configuration mode!
2022-02-23 12:43:58,764 INFO [restartedMain] o.s.d.r.c.RepositoryConfigurationDelegate [RepositoryConfigurationDelegate.java:126] Bootstrapping Spring Data repositories in DEFAULT mode.
2022-02-23 12:43:58,790 INFO [restartedMain] o.s.d.r.c.RepositoryConfigurationDelegate [RepositoryConfigurationDelegate.java:182] Finished Spring Data repository scanning in 14ms. Found 0 repository interfaces.
2022-02-23 12:43:59,122 INFO [restartedMain] o.s.c.s.PostProcessorRegistrationDelegate$BeanPostProcessorChecker [PostProcessorRegistrationDelegate.java:330] Bean 'org.springframework.transaction.annotation.ProxyTransactionManagementConfiguration' of type [org.springframework.transaction.annotation.ProxyTransactionManagementConfiguration$$EnhancerBySpringCGLIB$$49a6a53f] is not eligible for getting processed by all BeanPostProcessors (for example: not eligible for auto-proxying)
2022-02-23 12:43:59,400 INFO [restartedMain] o.s.b.w.e.t.TomcatWebServer [TomcatWebServer.java:90] Tomcat initialized with port(s): 8080 (http)
2022-02-23 12:43:59,412 INFO [restartedMain] o.a.c.h.Http11NioProtocol [DirectJDKLog.java:173] Initializing ProtocolHandler ["http-nio-8080"]
2022-02-23 12:43:59,418 INFO [restartedMain] o.a.c.c.StandardService [DirectJDKLog.java:173] Starting service [Tomcat]
2022-02-23 12:43:59,419 INFO [restartedMain] o.a.c.c.StandardEngine [DirectJDKLog.java:173] Starting Servlet engine: [Apache Tomcat/9.0.21]
2022-02-23 12:43:59,507 INFO [restartedMain] o.a.c.c.C.[.[.[/alumni] [DirectJDKLog.java:173] Initializing Spring embedded WebApplicationContext
2022-02-23 12:43:59,508 INFO [restartedMain] o.s.w.c.ContextLoader [ServletWebServerApplicationContext.java:283] Root WebApplicationContext: initialization completed in 1417 ms
2022-02-23 12:44:00,082 INFO [restartedMain] o.s.b.a.s.s.UserDetailsServiceAutoConfiguration [UserDetailsServiceAutoConfiguration.java:82] 

Using generated security password: 51f10b43-314d-4f69-839c-2f04eb52ae32

2022-02-23 12:44:00,118 INFO [restartedMain] o.s.s.w.DefaultSecurityFilterChain [DefaultSecurityFilterChain.java:43] Creating filter chain: Ant [pattern='/resources/**'], []
2022-02-23 12:44:00,141 INFO [restartedMain] o.s.s.w.DefaultSecurityFilterChain [DefaultSecurityFilterChain.java:43] Creating filter chain: any request, [org.springframework.security.web.context.request.async.WebAsyncManagerIntegrationFilter@19dc9d1, org.springframework.security.web.context.SecurityContextPersistenceFilter@74b430, org.springframework.security.web.header.HeaderWriterFilter@4d5d883d, org.springframework.security.web.authentication.logout.LogoutFilter@1c1f17dd, org.springframework.security.web.savedrequest.RequestCacheAwareFilter@4d767d97, org.springframework.security.web.servletapi.SecurityContextHolderAwareRequestFilter@512996b3, org.springframework.security.web.authentication.AnonymousAuthenticationFilter@78de4ce0, org.springframework.security.web.session.SessionManagementFilter@3cb29451, org.springframework.security.web.access.ExceptionTranslationFilter@360f5b70, org.springframework.security.web.access.intercept.FilterSecurityInterceptor@50c30fe]
2022-02-23 12:44:00,244 INFO [restartedMain] o.s.s.c.ThreadPoolTaskExecutor [ExecutorConfigurationSupport.java:171] Initializing ExecutorService 'applicationTaskExecutor'
2022-02-23 12:44:00,336 INFO [restartedMain] o.s.b.a.w.s.WelcomePageHandlerMapping [WelcomePageHandlerMapping.java:58] Adding welcome page template: index
2022-02-23 12:44:00,527 INFO [restartedMain] o.s.b.d.a.OptionalLiveReloadServer [OptionalLiveReloadServer.java:57] LiveReload server is running on port 35729
2022-02-23 12:44:00,550 INFO [restartedMain] o.a.c.h.Http11NioProtocol [DirectJDKLog.java:173] Starting ProtocolHandler ["http-nio-8080"]
2022-02-23 12:44:00,567 INFO [restartedMain] o.s.b.w.e.t.TomcatWebServer [TomcatWebServer.java:202] Tomcat started on port(s): 8080 (http) with context path '/alumni'
2022-02-23 12:44:00,570 INFO [restartedMain] c.g.a.AlumniApplication [StartupInfoLogger.java:59] Started AlumniApplication in 2.829 seconds (JVM running for 3.491)
2022-02-23 12:44:47,550 INFO [http-nio-8080-exec-1] o.a.c.c.C.[.[.[/alumni] [DirectJDKLog.java:173] Initializing Spring DispatcherServlet 'dispatcherServlet'
2022-02-23 12:44:47,550 INFO [http-nio-8080-exec-1] o.s.w.s.DispatcherServlet [FrameworkServlet.java:524] Initializing Servlet 'dispatcherServlet'
2022-02-23 12:44:47,556 INFO [http-nio-8080-exec-1] o.s.w.s.DispatcherServlet [FrameworkServlet.java:546] Completed initialization in 6 ms
2022-02-23 12:44:47,650 INFO [http-nio-8080-exec-1] i.l.c.EpollProvider [EpollProvider.java:68] Starting without optional epoll library
2022-02-23 12:44:47,651 INFO [http-nio-8080-exec-1] i.l.c.KqueueProvider [KqueueProvider.java:70] Starting without optional kqueue library
2022-02-23 12:46:54,554 INFO [http-nio-8080-exec-9] c.z.h.HikariDataSource [HikariDataSource.java:110] HikariPool-1 - Starting...
2022-02-23 12:46:55,025 INFO [http-nio-8080-exec-9] c.z.h.HikariDataSource [HikariDataSource.java:123] HikariPool-1 - Start completed.
